{"C:\\Users\\19194\\Documents\\GitHub\\RecycleHelper\\App.js": {"path":"C:\\Users\\19194\\Documents\\GitHub\\RecycleHelper\\App.js","statementMap":{"0":{"start":{"line":11,"column":2},"end":{"line":21,"column":4}},"1":{"start":{"line":24,"column":15},"end":{"line":31,"column":2}}},"fnMap":{"0":{"name":"App","decl":{"start":{"line":10,"column":24},"end":{"line":10,"column":27}},"loc":{"start":{"line":10,"column":30},"end":{"line":22,"column":1}},"line":10}},"branchMap":{},"s":{"0":2,"1":1},"f":{"0":2},"b":{},"_coverageSchema":"1a1c01bbd47fc00a2c39e90264f33305004495a9","hash":"1e8dfe5fe370130c0de68c1c1e7047f29cfd7d8d"}
,"C:\\Users\\19194\\Documents\\GitHub\\RecycleHelper\\app\\components\\ActivityIndicator.js": {"path":"C:\\Users\\19194\\Documents\\GitHub\\RecycleHelper\\app\\components\\ActivityIndicator.js","statementMap":{"0":{"start":{"line":6,"column":2},"end":{"line":6,"column":28}},"1":{"start":{"line":6,"column":16},"end":{"line":6,"column":28}},"2":{"start":{"line":7,"column":2},"end":{"line":11,"column":4}},"3":{"start":{"line":14,"column":15},"end":{"line":23,"column":2}}},"fnMap":{"0":{"name":"ActivityIndicator","decl":{"start":{"line":5,"column":9},"end":{"line":5,"column":26}},"loc":{"start":{"line":5,"column":48},"end":{"line":12,"column":1}},"line":5}},"branchMap":{"0":{"loc":{"start":{"line":5,"column":29},"end":{"line":5,"column":44}},"type":"default-arg","locations":[{"start":{"line":5,"column":39},"end":{"line":5,"column":44}}],"line":5},"1":{"loc":{"start":{"line":6,"column":2},"end":{"line":6,"column":28}},"type":"if","locations":[{"start":{"line":6,"column":2},"end":{"line":6,"column":28}},{"start":{},"end":{}}],"line":6}},"s":{"0":9,"1":1,"2":8,"3":3},"f":{"0":9},"b":{"0":[0],"1":[1,8]},"_coverageSchema":"1a1c01bbd47fc00a2c39e90264f33305004495a9","hash":"8e786d832a3b0ce79146da604493b3b3da549cb0"}
,"C:\\Users\\19194\\Documents\\GitHub\\RecycleHelper\\app\\components\\AppButton.js": {"path":"C:\\Users\\19194\\Documents\\GitHub\\RecycleHelper\\app\\components\\AppButton.js","statementMap":{"0":{"start":{"line":14,"column":2},"end":{"line":24,"column":4}},"1":{"start":{"line":27,"column":15},"end":{"line":45,"column":2}}},"fnMap":{"0":{"name":"AppButton","decl":{"start":{"line":6,"column":9},"end":{"line":6,"column":18}},"loc":{"start":{"line":13,"column":3},"end":{"line":25,"column":1}},"line":13}},"branchMap":{"0":{"loc":{"start":{"line":9,"column":2},"end":{"line":9,"column":19}},"type":"default-arg","locations":[{"start":{"line":9,"column":10},"end":{"line":9,"column":19}}],"line":9},"1":{"loc":{"start":{"line":10,"column":2},"end":{"line":10,"column":16}},"type":"default-arg","locations":[{"start":{"line":10,"column":10},"end":{"line":10,"column":16}}],"line":10},"2":{"loc":{"start":{"line":11,"column":2},"end":{"line":11,"column":15}},"type":"default-arg","locations":[{"start":{"line":11,"column":13},"end":{"line":11,"column":15}}],"line":11},"3":{"loc":{"start":{"line":12,"column":2},"end":{"line":12,"column":14}},"type":"default-arg","locations":[{"start":{"line":12,"column":12},"end":{"line":12,"column":14}}],"line":12}},"s":{"0":246,"1":10},"f":{"0":246},"b":{"0":[234],"1":[246],"2":[228],"3":[246]},"_coverageSchema":"1a1c01bbd47fc00a2c39e90264f33305004495a9","hash":"691201f62636d6888b2061920bdca2579900ff95"}
,"C:\\Users\\19194\\Documents\\GitHub\\RecycleHelper\\app\\components\\AppInputField.js": {"path":"C:\\Users\\19194\\Documents\\GitHub\\RecycleHelper\\app\\components\\AppInputField.js","statementMap":{"0":{"start":{"line":14,"column":2},"end":{"line":39,"column":4}},"1":{"start":{"line":42,"column":15},"end":{"line":68,"column":2}}},"fnMap":{"0":{"name":"AppInputField","decl":{"start":{"line":7,"column":9},"end":{"line":7,"column":22}},"loc":{"start":{"line":13,"column":3},"end":{"line":40,"column":1}},"line":13}},"branchMap":{"0":{"loc":{"start":{"line":16,"column":7},"end":{"line":22,"column":14}},"type":"cond-expr","locations":[{"start":{"line":17,"column":8},"end":{"line":21,"column":10}},{"start":{"line":22,"column":10},"end":{"line":22,"column":14}}],"line":16},"1":{"loc":{"start":{"line":29,"column":7},"end":{"line":37,"column":14}},"type":"cond-expr","locations":[{"start":{"line":30,"column":8},"end":{"line":36,"column":27}},{"start":{"line":37,"column":10},"end":{"line":37,"column":14}}],"line":29}},"s":{"0":2,"1":3},"f":{"0":2},"b":{"0":[0,2],"1":[0,2]},"_coverageSchema":"1a1c01bbd47fc00a2c39e90264f33305004495a9","hash":"cdc2513a0452ba31641a0c568487f66872adb6ff"}
,"C:\\Users\\19194\\Documents\\GitHub\\RecycleHelper\\app\\components\\CheckBox.js": {"path":"C:\\Users\\19194\\Documents\\GitHub\\RecycleHelper\\app\\components\\CheckBox.js","statementMap":{"0":{"start":{"line":6,"column":30},"end":{"line":6,"column":45}},"1":{"start":{"line":9,"column":4},"end":{"line":9,"column":23}},"2":{"start":{"line":11,"column":2},"end":{"line":18,"column":4}},"3":{"start":{"line":21,"column":15},"end":{"line":35,"column":2}}},"fnMap":{"0":{"name":"CheckBox","decl":{"start":{"line":5,"column":9},"end":{"line":5,"column":17}},"loc":{"start":{"line":5,"column":20},"end":{"line":19,"column":1}},"line":5},"1":{"name":"onCheckmarkPress","decl":{"start":{"line":8,"column":11},"end":{"line":8,"column":27}},"loc":{"start":{"line":8,"column":30},"end":{"line":10,"column":3}},"line":8}},"branchMap":{"0":{"loc":{"start":{"line":13,"column":35},"end":{"line":13,"column":68}},"type":"binary-expr","locations":[{"start":{"line":13,"column":35},"end":{"line":13,"column":42}},{"start":{"line":13,"column":46},"end":{"line":13,"column":68}}],"line":13},"1":{"loc":{"start":{"line":16,"column":7},"end":{"line":16,"column":73}},"type":"binary-expr","locations":[{"start":{"line":16,"column":7},"end":{"line":16,"column":14}},{"start":{"line":16,"column":18},"end":{"line":16,"column":73}}],"line":16}},"s":{"0":4,"1":0,"2":4,"3":1},"f":{"0":4,"1":0},"b":{"0":[4,0],"1":[4,0]},"_coverageSchema":"1a1c01bbd47fc00a2c39e90264f33305004495a9","hash":"5024a01e379e5f809bc2db9a55cb7797e4e97a7c"}
,"C:\\Users\\19194\\Documents\\GitHub\\RecycleHelper\\app\\components\\ErrorMessage.js": {"path":"C:\\Users\\19194\\Documents\\GitHub\\RecycleHelper\\app\\components\\ErrorMessage.js","statementMap":{"0":{"start":{"line":6,"column":21},"end":{"line":12,"column":1}},"1":{"start":{"line":7,"column":2},"end":{"line":9,"column":3}},"2":{"start":{"line":8,"column":4},"end":{"line":8,"column":16}},"3":{"start":{"line":11,"column":2},"end":{"line":11,"column":58}},"4":{"start":{"line":14,"column":15},"end":{"line":21,"column":2}}},"fnMap":{"0":{"name":"(anonymous_0)","decl":{"start":{"line":6,"column":21},"end":{"line":6,"column":22}},"loc":{"start":{"line":6,"column":45},"end":{"line":12,"column":1}},"line":6}},"branchMap":{"0":{"loc":{"start":{"line":7,"column":2},"end":{"line":9,"column":3}},"type":"if","locations":[{"start":{"line":7,"column":2},"end":{"line":9,"column":3}},{"start":{},"end":{}}],"line":7},"1":{"loc":{"start":{"line":7,"column":6},"end":{"line":7,"column":24}},"type":"binary-expr","locations":[{"start":{"line":7,"column":6},"end":{"line":7,"column":12}},{"start":{"line":7,"column":16},"end":{"line":7,"column":24}}],"line":7}},"s":{"0":3,"1":5,"2":3,"3":2,"4":3},"f":{"0":5},"b":{"0":[3,2],"1":[5,3]},"_coverageSchema":"1a1c01bbd47fc00a2c39e90264f33305004495a9","hash":"08bafbbe29cc7afa0ddb3ed61bbddd57c9283539"}
,"C:\\Users\\19194\\Documents\\GitHub\\RecycleHelper\\app\\components\\ListItemSeparator.js": {"path":"C:\\Users\\19194\\Documents\\GitHub\\RecycleHelper\\app\\components\\ListItemSeparator.js","statementMap":{"0":{"start":{"line":7,"column":2},"end":{"line":7,"column":48}},"1":{"start":{"line":10,"column":15},"end":{"line":16,"column":2}}},"fnMap":{"0":{"name":"ListItemSeparator","decl":{"start":{"line":6,"column":9},"end":{"line":6,"column":26}},"loc":{"start":{"line":6,"column":29},"end":{"line":8,"column":1}},"line":6}},"branchMap":{},"s":{"0":2,"1":3},"f":{"0":2},"b":{},"_coverageSchema":"1a1c01bbd47fc00a2c39e90264f33305004495a9","hash":"85de4a6ee2875da472de0e64089901c0514790e8"}
,"C:\\Users\\19194\\Documents\\GitHub\\RecycleHelper\\app\\components\\Screen.js": {"path":"C:\\Users\\19194\\Documents\\GitHub\\RecycleHelper\\app\\components\\Screen.js","statementMap":{"0":{"start":{"line":6,"column":2},"end":{"line":6,"column":80}},"1":{"start":{"line":9,"column":15},"end":{"line":14,"column":2}}},"fnMap":{"0":{"name":"Screen","decl":{"start":{"line":5,"column":9},"end":{"line":5,"column":15}},"loc":{"start":{"line":5,"column":37},"end":{"line":7,"column":1}},"line":5}},"branchMap":{},"s":{"0":44,"1":10},"f":{"0":44},"b":{},"_coverageSchema":"1a1c01bbd47fc00a2c39e90264f33305004495a9","hash":"55ed7d492fc9ce68df222da274e8fa5dfdca7343"}
,"C:\\Users\\19194\\Documents\\GitHub\\RecycleHelper\\app\\components\\UpdatePasswordComponent.js": {"path":"C:\\Users\\19194\\Documents\\GitHub\\RecycleHelper\\app\\components\\UpdatePasswordComponent.js","statementMap":{"0":{"start":{"line":14,"column":2},"end":{"line":39,"column":4}},"1":{"start":{"line":42,"column":15},"end":{"line":81,"column":2}}},"fnMap":{"0":{"name":"UpdatePasswordComponent","decl":{"start":{"line":7,"column":9},"end":{"line":7,"column":32}},"loc":{"start":{"line":13,"column":3},"end":{"line":40,"column":1}},"line":13}},"branchMap":{"0":{"loc":{"start":{"line":16,"column":7},"end":{"line":22,"column":14}},"type":"cond-expr","locations":[{"start":{"line":17,"column":8},"end":{"line":21,"column":10}},{"start":{"line":22,"column":10},"end":{"line":22,"column":14}}],"line":16},"1":{"loc":{"start":{"line":29,"column":7},"end":{"line":37,"column":14}},"type":"cond-expr","locations":[{"start":{"line":30,"column":8},"end":{"line":36,"column":27}},{"start":{"line":37,"column":10},"end":{"line":37,"column":14}}],"line":29}},"s":{"0":2,"1":3},"f":{"0":2},"b":{"0":[0,2],"1":[0,2]},"_coverageSchema":"1a1c01bbd47fc00a2c39e90264f33305004495a9","hash":"626166c888637d125fa9f5f12570de01c47249d1"}
,"C:\\Users\\19194\\Documents\\GitHub\\RecycleHelper\\app\\config\\Styles.js": {"path":"C:\\Users\\19194\\Documents\\GitHub\\RecycleHelper\\app\\config\\Styles.js","statementMap":{},"fnMap":{},"branchMap":{"0":{"loc":{"start":{"line":9,"column":16},"end":{"line":9,"column":63}},"type":"cond-expr","locations":[{"start":{"line":9,"column":44},"end":{"line":9,"column":52}},{"start":{"line":9,"column":55},"end":{"line":9,"column":63}}],"line":9},"1":{"loc":{"start":{"line":15,"column":16},"end":{"line":15,"column":63}},"type":"cond-expr","locations":[{"start":{"line":15,"column":44},"end":{"line":15,"column":52}},{"start":{"line":15,"column":55},"end":{"line":15,"column":63}}],"line":15}},"s":{},"f":{},"b":{"0":[0,8],"1":[0,8]},"_coverageSchema":"1a1c01bbd47fc00a2c39e90264f33305004495a9","hash":"3c608fdf8d28b74e611594daa36ad2ac5da3338f"}
,"C:\\Users\\19194\\Documents\\GitHub\\RecycleHelper\\app\\config\\Weblinks.js": {"path":"C:\\Users\\19194\\Documents\\GitHub\\RecycleHelper\\app\\config\\Weblinks.js","statementMap":{},"fnMap":{},"branchMap":{},"s":{},"f":{},"b":{},"_coverageSchema":"1a1c01bbd47fc00a2c39e90264f33305004495a9","hash":"4ade9539ad6310588db718af1a90271360a05362"}
,"C:\\Users\\19194\\Documents\\GitHub\\RecycleHelper\\app\\config\\colors.js": {"path":"C:\\Users\\19194\\Documents\\GitHub\\RecycleHelper\\app\\config\\colors.js","statementMap":{},"fnMap":{},"branchMap":{},"s":{},"f":{},"b":{},"_coverageSchema":"1a1c01bbd47fc00a2c39e90264f33305004495a9","hash":"24177cef929dd679d78cc72d3c083c81468526d1"}
,"C:\\Users\\19194\\Documents\\GitHub\\RecycleHelper\\app\\config\\firebase.js": {"path":"C:\\Users\\19194\\Documents\\GitHub\\RecycleHelper\\app\\config\\firebase.js","statementMap":{"0":{"start":{"line":10,"column":23},"end":{"line":17,"column":1}},"1":{"start":{"line":20,"column":17},"end":{"line":20,"column":46}},"2":{"start":{"line":21,"column":13},"end":{"line":21,"column":30}}},"fnMap":{},"branchMap":{},"s":{"0":2,"1":2,"2":2},"f":{},"b":{},"_coverageSchema":"1a1c01bbd47fc00a2c39e90264f33305004495a9","hash":"a729ceb9849ceef9bbda6f85221b97e19ea854c4"}
,"C:\\Users\\19194\\Documents\\GitHub\\RecycleHelper\\app\\config\\quotes.js": {"path":"C:\\Users\\19194\\Documents\\GitHub\\RecycleHelper\\app\\config\\quotes.js","statementMap":{"0":{"start":{"line":1,"column":13},"end":{"line":37,"column":1}},"1":{"start":{"line":38,"column":10},"end":{"line":38,"column":11}},"2":{"start":{"line":39,"column":10},"end":{"line":39,"column":12}},"3":{"start":{"line":42,"column":14},"end":{"line":42,"column":63}},"4":{"start":{"line":45,"column":20},"end":{"line":45,"column":32}},"5":{"start":{"line":46,"column":2},"end":{"line":46,"column":39}},"6":{"start":{"line":47,"column":2},"end":{"line":47,"column":40}},"7":{"start":{"line":49,"column":2},"end":{"line":49,"column":21}}},"fnMap":{"0":{"name":"getRandomNumberBetween","decl":{"start":{"line":41,"column":9},"end":{"line":41,"column":31}},"loc":{"start":{"line":41,"column":34},"end":{"line":50,"column":1}},"line":41}},"branchMap":{},"s":{"0":4,"1":4,"2":4,"3":5,"4":5,"5":5,"6":5,"7":5},"f":{"0":5},"b":{},"_coverageSchema":"1a1c01bbd47fc00a2c39e90264f33305004495a9","hash":"da0dfa466eab0b5dcec58cf3c74f01f10b7906c7"}
,"C:\\Users\\19194\\Documents\\GitHub\\RecycleHelper\\app\\hooks\\usefetchDailyRecycleData.js": {"path":"C:\\Users\\19194\\Documents\\GitHub\\RecycleHelper\\app\\hooks\\usefetchDailyRecycleData.js","statementMap":{"0":{"start":{"line":6,"column":33},"end":{"line":111,"column":1}},"1":{"start":{"line":7,"column":19},"end":{"line":7,"column":55}},"2":{"start":{"line":8,"column":36},"end":{"line":8,"column":48}},"3":{"start":{"line":9,"column":34},"end":{"line":9,"column":46}},"4":{"start":{"line":10,"column":36},"end":{"line":10,"column":48}},"5":{"start":{"line":11,"column":52},"end":{"line":11,"column":64}},"6":{"start":{"line":12,"column":32},"end":{"line":12,"column":44}},"7":{"start":{"line":13,"column":38},"end":{"line":13,"column":49}},"8":{"start":{"line":14,"column":54},"end":{"line":14,"column":65}},"9":{"start":{"line":15,"column":48},"end":{"line":15,"column":59}},"10":{"start":{"line":16,"column":64},"end":{"line":16,"column":75}},"11":{"start":{"line":18,"column":4},"end":{"line":18,"column":14}},"12":{"start":{"line":20,"column":16},"end":{"line":29,"column":3}},"13":{"start":{"line":21,"column":22},"end":{"line":21,"column":73}},"14":{"start":{"line":22,"column":4},"end":{"line":28,"column":7}},"15":{"start":{"line":23,"column":6},"end":{"line":23,"column":36}},"16":{"start":{"line":24,"column":6},"end":{"line":24,"column":30}},"17":{"start":{"line":25,"column":6},"end":{"line":25,"column":32}},"18":{"start":{"line":26,"column":6},"end":{"line":26,"column":50}},"19":{"start":{"line":31,"column":27},"end":{"line":86,"column":3}},"20":{"start":{"line":32,"column":18},"end":{"line":32,"column":28}},"21":{"start":{"line":33,"column":24},"end":{"line":33,"column":43}},"22":{"start":{"line":34,"column":25},"end":{"line":34,"column":45}},"23":{"start":{"line":35,"column":24},"end":{"line":35,"column":39}},"24":{"start":{"line":36,"column":20},"end":{"line":36,"column":22}},"25":{"start":{"line":37,"column":4},"end":{"line":37,"column":56}},"26":{"start":{"line":38,"column":18},"end":{"line":38,"column":48}},"27":{"start":{"line":39,"column":4},"end":{"line":84,"column":5}},"28":{"start":{"line":40,"column":21},"end":{"line":40,"column":42}},"29":{"start":{"line":41,"column":6},"end":{"line":78,"column":7}},"30":{"start":{"line":42,"column":26},"end":{"line":42,"column":46}},"31":{"start":{"line":43,"column":8},"end":{"line":72,"column":9}},"32":{"start":{"line":44,"column":24},"end":{"line":44,"column":48}},"33":{"start":{"line":45,"column":10},"end":{"line":66,"column":11}},"34":{"start":{"line":46,"column":12},"end":{"line":48,"column":14}},"35":{"start":{"line":49,"column":12},"end":{"line":49,"column":59}},"36":{"start":{"line":50,"column":31},"end":{"line":50,"column":55}},"37":{"start":{"line":51,"column":24},"end":{"line":51,"column":25}},"38":{"start":{"line":52,"column":12},"end":{"line":60,"column":13}},"39":{"start":{"line":53,"column":24},"end":{"line":53,"column":36}},"40":{"start":{"line":54,"column":14},"end":{"line":54,"column":36}},"41":{"start":{"line":55,"column":24},"end":{"line":55,"column":43}},"42":{"start":{"line":56,"column":14},"end":{"line":56,"column":45}},"43":{"start":{"line":57,"column":14},"end":{"line":57,"column":39}},"44":{"start":{"line":58,"column":14},"end":{"line":58,"column":37}},"45":{"start":{"line":59,"column":14},"end":{"line":59,"column":22}},"46":{"start":{"line":61,"column":12},"end":{"line":61,"column":34}},"47":{"start":{"line":63,"column":12},"end":{"line":65,"column":14}},"48":{"start":{"line":69,"column":10},"end":{"line":71,"column":12}},"49":{"start":{"line":75,"column":8},"end":{"line":77,"column":10}},"50":{"start":{"line":81,"column":6},"end":{"line":83,"column":8}},"51":{"start":{"line":85,"column":4},"end":{"line":85,"column":19}},"52":{"start":{"line":88,"column":23},"end":{"line":91,"column":3}},"53":{"start":{"line":89,"column":4},"end":{"line":89,"column":51}},"54":{"start":{"line":90,"column":4},"end":{"line":90,"column":75}},"55":{"start":{"line":93,"column":2},"end":{"line":95,"column":9}},"56":{"start":{"line":94,"column":4},"end":{"line":94,"column":12}},"57":{"start":{"line":97,"column":2},"end":{"line":100,"column":4}},"58":{"start":{"line":98,"column":10},"end":{"line":98,"column":74}},"59":{"start":{"line":101,"column":2},"end":{"line":110,"column":4}}},"fnMap":{"0":{"name":"(anonymous_0)","decl":{"start":{"line":6,"column":33},"end":{"line":6,"column":34}},"loc":{"start":{"line":6,"column":39},"end":{"line":111,"column":1}},"line":6},"1":{"name":"(anonymous_1)","decl":{"start":{"line":20,"column":16},"end":{"line":20,"column":17}},"loc":{"start":{"line":20,"column":22},"end":{"line":29,"column":3}},"line":20},"2":{"name":"(anonymous_2)","decl":{"start":{"line":22,"column":19},"end":{"line":22,"column":20}},"loc":{"start":{"line":22,"column":30},"end":{"line":28,"column":5}},"line":22},"3":{"name":"(anonymous_3)","decl":{"start":{"line":31,"column":27},"end":{"line":31,"column":28}},"loc":{"start":{"line":31,"column":33},"end":{"line":86,"column":3}},"line":31},"4":{"name":"(anonymous_4)","decl":{"start":{"line":88,"column":23},"end":{"line":88,"column":24}},"loc":{"start":{"line":88,"column":29},"end":{"line":91,"column":3}},"line":88},"5":{"name":"(anonymous_5)","decl":{"start":{"line":93,"column":12},"end":{"line":93,"column":13}},"loc":{"start":{"line":93,"column":18},"end":{"line":95,"column":3}},"line":93},"6":{"name":"(anonymous_6)","decl":{"start":{"line":98,"column":4},"end":{"line":98,"column":5}},"loc":{"start":{"line":98,"column":10},"end":{"line":98,"column":74}},"line":98}},"branchMap":{"0":{"loc":{"start":{"line":39,"column":4},"end":{"line":84,"column":5}},"type":"if","locations":[{"start":{"line":39,"column":4},"end":{"line":84,"column":5}},{"start":{"line":79,"column":11},"end":{"line":84,"column":5}}],"line":39},"1":{"loc":{"start":{"line":41,"column":6},"end":{"line":78,"column":7}},"type":"if","locations":[{"start":{"line":41,"column":6},"end":{"line":78,"column":7}},{"start":{"line":73,"column":13},"end":{"line":78,"column":7}}],"line":41},"2":{"loc":{"start":{"line":43,"column":8},"end":{"line":72,"column":9}},"type":"if","locations":[{"start":{"line":43,"column":8},"end":{"line":72,"column":9}},{"start":{"line":67,"column":15},"end":{"line":72,"column":9}}],"line":43},"3":{"loc":{"start":{"line":45,"column":10},"end":{"line":66,"column":11}},"type":"if","locations":[{"start":{"line":45,"column":10},"end":{"line":66,"column":11}},{"start":{"line":62,"column":17},"end":{"line":66,"column":11}}],"line":45},"4":{"loc":{"start":{"line":98,"column":10},"end":{"line":98,"column":74}},"type":"binary-expr","locations":[{"start":{"line":98,"column":10},"end":{"line":98,"column":19}},{"start":{"line":98,"column":23},"end":{"line":98,"column":31}},{"start":{"line":98,"column":35},"end":{"line":98,"column":52}},{"start":{"line":98,"column":56},"end":{"line":98,"column":74}}],"line":98}},"s":{"0":2,"1":0,"2":0,"3":0,"4":0,"5":0,"6":0,"7":0,"8":0,"9":0,"10":0,"11":0,"12":0,"13":0,"14":0,"15":0,"16":0,"17":0,"18":0,"19":0,"20":0,"21":0,"22":0,"23":0,"24":0,"25":0,"26":0,"27":0,"28":0,"29":0,"30":0,"31":0,"32":0,"33":0,"34":0,"35":0,"36":0,"37":0,"38":0,"39":0,"40":0,"41":0,"42":0,"43":0,"44":0,"45":0,"46":0,"47":0,"48":0,"49":0,"50":0,"51":0,"52":0,"53":0,"54":0,"55":0,"56":0,"57":0,"58":0,"59":0},"f":{"0":0,"1":0,"2":0,"3":0,"4":0,"5":0,"6":0},"b":{"0":[0,0],"1":[0,0],"2":[0,0],"3":[0,0],"4":[0,0,0,0]},"_coverageSchema":"1a1c01bbd47fc00a2c39e90264f33305004495a9","hash":"3b403cff71709e84396cdf81d0242235ddccc18b"}
,"C:\\Users\\19194\\Documents\\GitHub\\RecycleHelper\\app\\hooks\\usefetchMonthlyRecycleData.js": {"path":"C:\\Users\\19194\\Documents\\GitHub\\RecycleHelper\\app\\hooks\\usefetchMonthlyRecycleData.js","statementMap":{"0":{"start":{"line":6,"column":35},"end":{"line":121,"column":1}},"1":{"start":{"line":7,"column":19},"end":{"line":7,"column":55}},"2":{"start":{"line":8,"column":36},"end":{"line":8,"column":48}},"3":{"start":{"line":9,"column":34},"end":{"line":9,"column":46}},"4":{"start":{"line":10,"column":36},"end":{"line":10,"column":48}},"5":{"start":{"line":11,"column":52},"end":{"line":11,"column":64}},"6":{"start":{"line":12,"column":52},"end":{"line":12,"column":64}},"7":{"start":{"line":13,"column":60},"end":{"line":13,"column":72}},"8":{"start":{"line":14,"column":38},"end":{"line":14,"column":49}},"9":{"start":{"line":15,"column":54},"end":{"line":15,"column":65}},"10":{"start":{"line":16,"column":52},"end":{"line":16,"column":63}},"11":{"start":{"line":17,"column":68},"end":{"line":17,"column":79}},"12":{"start":{"line":19,"column":4},"end":{"line":19,"column":14}},"13":{"start":{"line":21,"column":16},"end":{"line":29,"column":3}},"14":{"start":{"line":22,"column":22},"end":{"line":22,"column":73}},"15":{"start":{"line":23,"column":4},"end":{"line":28,"column":7}},"16":{"start":{"line":24,"column":6},"end":{"line":24,"column":36}},"17":{"start":{"line":25,"column":6},"end":{"line":25,"column":30}},"18":{"start":{"line":26,"column":6},"end":{"line":26,"column":32}},"19":{"start":{"line":27,"column":6},"end":{"line":27,"column":50}},"20":{"start":{"line":31,"column":29},"end":{"line":95,"column":3}},"21":{"start":{"line":32,"column":18},"end":{"line":32,"column":28}},"22":{"start":{"line":33,"column":24},"end":{"line":33,"column":43}},"23":{"start":{"line":34,"column":25},"end":{"line":34,"column":45}},"24":{"start":{"line":35,"column":22},"end":{"line":35,"column":24}},"25":{"start":{"line":36,"column":19},"end":{"line":36,"column":21}},"26":{"start":{"line":37,"column":18},"end":{"line":37,"column":48}},"27":{"start":{"line":38,"column":4},"end":{"line":93,"column":5}},"28":{"start":{"line":39,"column":21},"end":{"line":39,"column":42}},"29":{"start":{"line":40,"column":6},"end":{"line":87,"column":7}},"30":{"start":{"line":41,"column":8},"end":{"line":43,"column":10}},"31":{"start":{"line":44,"column":8},"end":{"line":44,"column":60}},"32":{"start":{"line":45,"column":21},"end":{"line":45,"column":22}},"33":{"start":{"line":46,"column":8},"end":{"line":60,"column":9}},"34":{"start":{"line":47,"column":10},"end":{"line":59,"column":11}},"35":{"start":{"line":52,"column":12},"end":{"line":52,"column":21}},"36":{"start":{"line":54,"column":22},"end":{"line":54,"column":34}},"37":{"start":{"line":55,"column":12},"end":{"line":55,"column":33}},"38":{"start":{"line":56,"column":12},"end":{"line":56,"column":40}},"39":{"start":{"line":57,"column":12},"end":{"line":57,"column":35}},"40":{"start":{"line":58,"column":12},"end":{"line":58,"column":21}},"41":{"start":{"line":61,"column":8},"end":{"line":61,"column":43}},"42":{"start":{"line":62,"column":26},"end":{"line":62,"column":46}},"43":{"start":{"line":63,"column":8},"end":{"line":81,"column":9}},"44":{"start":{"line":64,"column":22},"end":{"line":64,"column":23}},"45":{"start":{"line":65,"column":10},"end":{"line":74,"column":11}},"46":{"start":{"line":66,"column":22},"end":{"line":66,"column":34}},"47":{"start":{"line":67,"column":26},"end":{"line":67,"column":44}},"48":{"start":{"line":68,"column":12},"end":{"line":68,"column":29}},"49":{"start":{"line":69,"column":12},"end":{"line":70,"column":57}},"50":{"start":{"line":71,"column":12},"end":{"line":71,"column":61}},"51":{"start":{"line":72,"column":12},"end":{"line":72,"column":37}},"52":{"start":{"line":73,"column":12},"end":{"line":73,"column":20}},"53":{"start":{"line":75,"column":10},"end":{"line":75,"column":44}},"54":{"start":{"line":78,"column":10},"end":{"line":80,"column":12}},"55":{"start":{"line":84,"column":8},"end":{"line":86,"column":10}},"56":{"start":{"line":90,"column":6},"end":{"line":92,"column":8}},"57":{"start":{"line":94,"column":4},"end":{"line":94,"column":19}},"58":{"start":{"line":97,"column":23},"end":{"line":100,"column":3}},"59":{"start":{"line":98,"column":4},"end":{"line":98,"column":51}},"60":{"start":{"line":99,"column":4},"end":{"line":99,"column":75}},"61":{"start":{"line":102,"column":2},"end":{"line":104,"column":9}},"62":{"start":{"line":103,"column":4},"end":{"line":103,"column":12}},"63":{"start":{"line":106,"column":2},"end":{"line":109,"column":4}},"64":{"start":{"line":107,"column":10},"end":{"line":107,"column":76}},"65":{"start":{"line":110,"column":2},"end":{"line":120,"column":4}}},"fnMap":{"0":{"name":"(anonymous_0)","decl":{"start":{"line":6,"column":35},"end":{"line":6,"column":36}},"loc":{"start":{"line":6,"column":41},"end":{"line":121,"column":1}},"line":6},"1":{"name":"(anonymous_1)","decl":{"start":{"line":21,"column":16},"end":{"line":21,"column":17}},"loc":{"start":{"line":21,"column":22},"end":{"line":29,"column":3}},"line":21},"2":{"name":"(anonymous_2)","decl":{"start":{"line":23,"column":19},"end":{"line":23,"column":20}},"loc":{"start":{"line":23,"column":30},"end":{"line":28,"column":5}},"line":23},"3":{"name":"(anonymous_3)","decl":{"start":{"line":31,"column":29},"end":{"line":31,"column":30}},"loc":{"start":{"line":31,"column":35},"end":{"line":95,"column":3}},"line":31},"4":{"name":"(anonymous_4)","decl":{"start":{"line":97,"column":23},"end":{"line":97,"column":24}},"loc":{"start":{"line":97,"column":29},"end":{"line":100,"column":3}},"line":97},"5":{"name":"(anonymous_5)","decl":{"start":{"line":102,"column":12},"end":{"line":102,"column":13}},"loc":{"start":{"line":102,"column":18},"end":{"line":104,"column":3}},"line":102},"6":{"name":"(anonymous_6)","decl":{"start":{"line":107,"column":4},"end":{"line":107,"column":5}},"loc":{"start":{"line":107,"column":10},"end":{"line":107,"column":76}},"line":107}},"branchMap":{"0":{"loc":{"start":{"line":38,"column":4},"end":{"line":93,"column":5}},"type":"if","locations":[{"start":{"line":38,"column":4},"end":{"line":93,"column":5}},{"start":{"line":88,"column":11},"end":{"line":93,"column":5}}],"line":38},"1":{"loc":{"start":{"line":40,"column":6},"end":{"line":87,"column":7}},"type":"if","locations":[{"start":{"line":40,"column":6},"end":{"line":87,"column":7}},{"start":{"line":82,"column":13},"end":{"line":87,"column":7}}],"line":40},"2":{"loc":{"start":{"line":47,"column":10},"end":{"line":59,"column":11}},"type":"if","locations":[{"start":{"line":47,"column":10},"end":{"line":59,"column":11}},{"start":{"line":53,"column":17},"end":{"line":59,"column":11}}],"line":47},"3":{"loc":{"start":{"line":48,"column":12},"end":{"line":50,"column":40}},"type":"binary-expr","locations":[{"start":{"line":48,"column":12},"end":{"line":48,"column":31}},{"start":{"line":49,"column":12},"end":{"line":49,"column":56}},{"start":{"line":50,"column":12},"end":{"line":50,"column":40}}],"line":48},"4":{"loc":{"start":{"line":63,"column":8},"end":{"line":81,"column":9}},"type":"if","locations":[{"start":{"line":63,"column":8},"end":{"line":81,"column":9}},{"start":{"line":76,"column":15},"end":{"line":81,"column":9}}],"line":63},"5":{"loc":{"start":{"line":107,"column":10},"end":{"line":107,"column":76}},"type":"binary-expr","locations":[{"start":{"line":107,"column":10},"end":{"line":107,"column":19}},{"start":{"line":107,"column":23},"end":{"line":107,"column":31}},{"start":{"line":107,"column":35},"end":{"line":107,"column":52}},{"start":{"line":107,"column":56},"end":{"line":107,"column":76}}],"line":107}},"s":{"0":2,"1":0,"2":0,"3":0,"4":0,"5":0,"6":0,"7":0,"8":0,"9":0,"10":0,"11":0,"12":0,"13":0,"14":0,"15":0,"16":0,"17":0,"18":0,"19":0,"20":0,"21":0,"22":0,"23":0,"24":0,"25":0,"26":0,"27":0,"28":0,"29":0,"30":0,"31":0,"32":0,"33":0,"34":0,"35":0,"36":0,"37":0,"38":0,"39":0,"40":0,"41":0,"42":0,"43":0,"44":0,"45":0,"46":0,"47":0,"48":0,"49":0,"50":0,"51":0,"52":0,"53":0,"54":0,"55":0,"56":0,"57":0,"58":0,"59":0,"60":0,"61":0,"62":0,"63":0,"64":0,"65":0},"f":{"0":0,"1":0,"2":0,"3":0,"4":0,"5":0,"6":0},"b":{"0":[0,0],"1":[0,0],"2":[0,0],"3":[0,0,0],"4":[0,0],"5":[0,0,0,0]},"_coverageSchema":"1a1c01bbd47fc00a2c39e90264f33305004495a9","hash":"1d548586cece99ae0fb6ab0d111defb09f310ea7"}
,"C:\\Users\\19194\\Documents\\GitHub\\RecycleHelper\\app\\hooks\\usefetchUserGoalData.js": {"path":"C:\\Users\\19194\\Documents\\GitHub\\RecycleHelper\\app\\hooks\\usefetchUserGoalData.js","statementMap":{"0":{"start":{"line":6,"column":29},"end":{"line":109,"column":1}},"1":{"start":{"line":7,"column":19},"end":{"line":7,"column":55}},"2":{"start":{"line":8,"column":36},"end":{"line":8,"column":48}},"3":{"start":{"line":9,"column":34},"end":{"line":9,"column":46}},"4":{"start":{"line":10,"column":36},"end":{"line":10,"column":48}},"5":{"start":{"line":11,"column":52},"end":{"line":11,"column":64}},"6":{"start":{"line":12,"column":34},"end":{"line":12,"column":46}},"7":{"start":{"line":15,"column":38},"end":{"line":15,"column":49}},"8":{"start":{"line":16,"column":54},"end":{"line":16,"column":65}},"9":{"start":{"line":17,"column":52},"end":{"line":17,"column":63}},"10":{"start":{"line":18,"column":68},"end":{"line":18,"column":79}},"11":{"start":{"line":19,"column":38},"end":{"line":19,"column":49}},"12":{"start":{"line":20,"column":40},"end":{"line":20,"column":51}},"13":{"start":{"line":22,"column":4},"end":{"line":22,"column":14}},"14":{"start":{"line":24,"column":16},"end":{"line":33,"column":3}},"15":{"start":{"line":25,"column":22},"end":{"line":25,"column":73}},"16":{"start":{"line":26,"column":4},"end":{"line":32,"column":7}},"17":{"start":{"line":27,"column":6},"end":{"line":27,"column":36}},"18":{"start":{"line":28,"column":6},"end":{"line":28,"column":30}},"19":{"start":{"line":29,"column":6},"end":{"line":29,"column":32}},"20":{"start":{"line":30,"column":6},"end":{"line":30,"column":50}},"21":{"start":{"line":31,"column":6},"end":{"line":31,"column":30}},"22":{"start":{"line":35,"column":29},"end":{"line":78,"column":3}},"23":{"start":{"line":36,"column":18},"end":{"line":36,"column":28}},"24":{"start":{"line":37,"column":24},"end":{"line":37,"column":43}},"25":{"start":{"line":38,"column":25},"end":{"line":38,"column":45}},"26":{"start":{"line":39,"column":18},"end":{"line":39,"column":48}},"27":{"start":{"line":40,"column":4},"end":{"line":58,"column":5}},"28":{"start":{"line":41,"column":21},"end":{"line":41,"column":42}},"29":{"start":{"line":42,"column":6},"end":{"line":52,"column":7}},"30":{"start":{"line":43,"column":8},"end":{"line":45,"column":10}},"31":{"start":{"line":46,"column":8},"end":{"line":46,"column":60}},"32":{"start":{"line":49,"column":8},"end":{"line":51,"column":10}},"33":{"start":{"line":55,"column":6},"end":{"line":57,"column":8}},"34":{"start":{"line":59,"column":22},"end":{"line":59,"column":43}},"35":{"start":{"line":60,"column":4},"end":{"line":76,"column":5}},"36":{"start":{"line":61,"column":25},"end":{"line":61,"column":50}},"37":{"start":{"line":62,"column":6},"end":{"line":70,"column":7}},"38":{"start":{"line":63,"column":8},"end":{"line":63,"column":48}},"39":{"start":{"line":64,"column":8},"end":{"line":64,"column":46}},"40":{"start":{"line":67,"column":8},"end":{"line":69,"column":10}},"41":{"start":{"line":73,"column":6},"end":{"line":75,"column":8}},"42":{"start":{"line":77,"column":4},"end":{"line":77,"column":19}},"43":{"start":{"line":80,"column":23},"end":{"line":83,"column":3}},"44":{"start":{"line":81,"column":4},"end":{"line":81,"column":51}},"45":{"start":{"line":82,"column":4},"end":{"line":82,"column":75}},"46":{"start":{"line":85,"column":2},"end":{"line":87,"column":9}},"47":{"start":{"line":86,"column":4},"end":{"line":86,"column":12}},"48":{"start":{"line":89,"column":2},"end":{"line":97,"column":4}},"49":{"start":{"line":91,"column":6},"end":{"line":95,"column":26}},"50":{"start":{"line":98,"column":2},"end":{"line":108,"column":4}}},"fnMap":{"0":{"name":"(anonymous_0)","decl":{"start":{"line":6,"column":29},"end":{"line":6,"column":30}},"loc":{"start":{"line":6,"column":35},"end":{"line":109,"column":1}},"line":6},"1":{"name":"(anonymous_1)","decl":{"start":{"line":24,"column":16},"end":{"line":24,"column":17}},"loc":{"start":{"line":24,"column":22},"end":{"line":33,"column":3}},"line":24},"2":{"name":"(anonymous_2)","decl":{"start":{"line":26,"column":19},"end":{"line":26,"column":20}},"loc":{"start":{"line":26,"column":30},"end":{"line":32,"column":5}},"line":26},"3":{"name":"(anonymous_3)","decl":{"start":{"line":35,"column":29},"end":{"line":35,"column":30}},"loc":{"start":{"line":35,"column":35},"end":{"line":78,"column":3}},"line":35},"4":{"name":"(anonymous_4)","decl":{"start":{"line":80,"column":23},"end":{"line":80,"column":24}},"loc":{"start":{"line":80,"column":29},"end":{"line":83,"column":3}},"line":80},"5":{"name":"(anonymous_5)","decl":{"start":{"line":85,"column":12},"end":{"line":85,"column":13}},"loc":{"start":{"line":85,"column":18},"end":{"line":87,"column":3}},"line":85},"6":{"name":"(anonymous_6)","decl":{"start":{"line":90,"column":4},"end":{"line":90,"column":5}},"loc":{"start":{"line":91,"column":6},"end":{"line":95,"column":26}},"line":91}},"branchMap":{"0":{"loc":{"start":{"line":40,"column":4},"end":{"line":58,"column":5}},"type":"if","locations":[{"start":{"line":40,"column":4},"end":{"line":58,"column":5}},{"start":{"line":53,"column":11},"end":{"line":58,"column":5}}],"line":40},"1":{"loc":{"start":{"line":42,"column":6},"end":{"line":52,"column":7}},"type":"if","locations":[{"start":{"line":42,"column":6},"end":{"line":52,"column":7}},{"start":{"line":47,"column":13},"end":{"line":52,"column":7}}],"line":42},"2":{"loc":{"start":{"line":60,"column":4},"end":{"line":76,"column":5}},"type":"if","locations":[{"start":{"line":60,"column":4},"end":{"line":76,"column":5}},{"start":{"line":71,"column":11},"end":{"line":76,"column":5}}],"line":60},"3":{"loc":{"start":{"line":62,"column":6},"end":{"line":70,"column":7}},"type":"if","locations":[{"start":{"line":62,"column":6},"end":{"line":70,"column":7}},{"start":{"line":65,"column":13},"end":{"line":70,"column":7}}],"line":62},"4":{"loc":{"start":{"line":91,"column":6},"end":{"line":95,"column":26}},"type":"binary-expr","locations":[{"start":{"line":91,"column":6},"end":{"line":91,"column":15}},{"start":{"line":92,"column":6},"end":{"line":92,"column":14}},{"start":{"line":93,"column":6},"end":{"line":93,"column":23}},{"start":{"line":94,"column":6},"end":{"line":94,"column":14}},{"start":{"line":95,"column":6},"end":{"line":95,"column":26}}],"line":91}},"s":{"0":2,"1":0,"2":0,"3":0,"4":0,"5":0,"6":0,"7":0,"8":0,"9":0,"10":0,"11":0,"12":0,"13":0,"14":0,"15":0,"16":0,"17":0,"18":0,"19":0,"20":0,"21":0,"22":0,"23":0,"24":0,"25":0,"26":0,"27":0,"28":0,"29":0,"30":0,"31":0,"32":0,"33":0,"34":0,"35":0,"36":0,"37":0,"38":0,"39":0,"40":0,"41":0,"42":0,"43":0,"44":0,"45":0,"46":0,"47":0,"48":0,"49":0,"50":0},"f":{"0":0,"1":0,"2":0,"3":0,"4":0,"5":0,"6":0},"b":{"0":[0,0],"1":[0,0],"2":[0,0],"3":[0,0],"4":[0,0,0,0,0]},"_coverageSchema":"1a1c01bbd47fc00a2c39e90264f33305004495a9","hash":"83d090c7bd4a24a28d2b1ade0a36cff3dc3bd71b"}
,"C:\\Users\\19194\\Documents\\GitHub\\RecycleHelper\\app\\hooks\\usefetchYearlyRecycleData.js": {"path":"C:\\Users\\19194\\Documents\\GitHub\\RecycleHelper\\app\\hooks\\usefetchYearlyRecycleData.js","statementMap":{"0":{"start":{"line":6,"column":34},"end":{"line":114,"column":1}},"1":{"start":{"line":7,"column":19},"end":{"line":7,"column":55}},"2":{"start":{"line":8,"column":36},"end":{"line":8,"column":48}},"3":{"start":{"line":9,"column":34},"end":{"line":9,"column":46}},"4":{"start":{"line":10,"column":36},"end":{"line":10,"column":48}},"5":{"start":{"line":11,"column":52},"end":{"line":11,"column":64}},"6":{"start":{"line":12,"column":52},"end":{"line":12,"column":64}},"7":{"start":{"line":13,"column":60},"end":{"line":13,"column":72}},"8":{"start":{"line":14,"column":38},"end":{"line":14,"column":49}},"9":{"start":{"line":15,"column":54},"end":{"line":15,"column":65}},"10":{"start":{"line":16,"column":50},"end":{"line":16,"column":61}},"11":{"start":{"line":17,"column":66},"end":{"line":17,"column":77}},"12":{"start":{"line":19,"column":4},"end":{"line":19,"column":14}},"13":{"start":{"line":21,"column":16},"end":{"line":29,"column":3}},"14":{"start":{"line":22,"column":22},"end":{"line":22,"column":73}},"15":{"start":{"line":23,"column":4},"end":{"line":28,"column":7}},"16":{"start":{"line":24,"column":6},"end":{"line":24,"column":36}},"17":{"start":{"line":25,"column":6},"end":{"line":25,"column":30}},"18":{"start":{"line":26,"column":6},"end":{"line":26,"column":32}},"19":{"start":{"line":27,"column":6},"end":{"line":27,"column":50}},"20":{"start":{"line":31,"column":29},"end":{"line":88,"column":3}},"21":{"start":{"line":32,"column":18},"end":{"line":32,"column":28}},"22":{"start":{"line":33,"column":24},"end":{"line":33,"column":43}},"23":{"start":{"line":34,"column":25},"end":{"line":34,"column":45}},"24":{"start":{"line":35,"column":22},"end":{"line":35,"column":24}},"25":{"start":{"line":36,"column":19},"end":{"line":36,"column":21}},"26":{"start":{"line":37,"column":18},"end":{"line":37,"column":48}},"27":{"start":{"line":38,"column":4},"end":{"line":86,"column":5}},"28":{"start":{"line":39,"column":6},"end":{"line":39,"column":79}},"29":{"start":{"line":40,"column":6},"end":{"line":40,"column":55}},"30":{"start":{"line":41,"column":19},"end":{"line":41,"column":20}},"31":{"start":{"line":42,"column":19},"end":{"line":42,"column":20}},"32":{"start":{"line":43,"column":6},"end":{"line":78,"column":7}},"33":{"start":{"line":44,"column":8},"end":{"line":77,"column":9}},"34":{"start":{"line":58,"column":25},"end":{"line":58,"column":39}},"35":{"start":{"line":59,"column":20},"end":{"line":59,"column":32}},"36":{"start":{"line":60,"column":10},"end":{"line":60,"column":28}},"37":{"start":{"line":61,"column":10},"end":{"line":62,"column":58}},"38":{"start":{"line":63,"column":10},"end":{"line":63,"column":64}},"39":{"start":{"line":64,"column":10},"end":{"line":64,"column":36}},"40":{"start":{"line":65,"column":10},"end":{"line":65,"column":19}},"41":{"start":{"line":66,"column":15},"end":{"line":77,"column":9}},"42":{"start":{"line":70,"column":20},"end":{"line":70,"column":32}},"43":{"start":{"line":71,"column":10},"end":{"line":71,"column":31}},"44":{"start":{"line":72,"column":10},"end":{"line":72,"column":37}},"45":{"start":{"line":73,"column":10},"end":{"line":73,"column":33}},"46":{"start":{"line":74,"column":10},"end":{"line":74,"column":19}},"47":{"start":{"line":76,"column":10},"end":{"line":76,"column":19}},"48":{"start":{"line":79,"column":6},"end":{"line":79,"column":41}},"49":{"start":{"line":80,"column":6},"end":{"line":80,"column":40}},"50":{"start":{"line":83,"column":6},"end":{"line":85,"column":8}},"51":{"start":{"line":87,"column":4},"end":{"line":87,"column":19}},"52":{"start":{"line":90,"column":23},"end":{"line":93,"column":3}},"53":{"start":{"line":91,"column":4},"end":{"line":91,"column":51}},"54":{"start":{"line":92,"column":4},"end":{"line":92,"column":75}},"55":{"start":{"line":95,"column":2},"end":{"line":97,"column":9}},"56":{"start":{"line":96,"column":4},"end":{"line":96,"column":12}},"57":{"start":{"line":99,"column":2},"end":{"line":102,"column":4}},"58":{"start":{"line":100,"column":10},"end":{"line":100,"column":76}},"59":{"start":{"line":103,"column":2},"end":{"line":113,"column":4}}},"fnMap":{"0":{"name":"(anonymous_0)","decl":{"start":{"line":6,"column":34},"end":{"line":6,"column":35}},"loc":{"start":{"line":6,"column":40},"end":{"line":114,"column":1}},"line":6},"1":{"name":"(anonymous_1)","decl":{"start":{"line":21,"column":16},"end":{"line":21,"column":17}},"loc":{"start":{"line":21,"column":22},"end":{"line":29,"column":3}},"line":21},"2":{"name":"(anonymous_2)","decl":{"start":{"line":23,"column":19},"end":{"line":23,"column":20}},"loc":{"start":{"line":23,"column":30},"end":{"line":28,"column":5}},"line":23},"3":{"name":"(anonymous_3)","decl":{"start":{"line":31,"column":29},"end":{"line":31,"column":30}},"loc":{"start":{"line":31,"column":35},"end":{"line":88,"column":3}},"line":31},"4":{"name":"(anonymous_4)","decl":{"start":{"line":90,"column":23},"end":{"line":90,"column":24}},"loc":{"start":{"line":90,"column":29},"end":{"line":93,"column":3}},"line":90},"5":{"name":"(anonymous_5)","decl":{"start":{"line":95,"column":12},"end":{"line":95,"column":13}},"loc":{"start":{"line":95,"column":18},"end":{"line":97,"column":3}},"line":95},"6":{"name":"(anonymous_6)","decl":{"start":{"line":100,"column":4},"end":{"line":100,"column":5}},"loc":{"start":{"line":100,"column":10},"end":{"line":100,"column":76}},"line":100}},"branchMap":{"0":{"loc":{"start":{"line":38,"column":4},"end":{"line":86,"column":5}},"type":"if","locations":[{"start":{"line":38,"column":4},"end":{"line":86,"column":5}},{"start":{"line":81,"column":11},"end":{"line":86,"column":5}}],"line":38},"1":{"loc":{"start":{"line":44,"column":8},"end":{"line":77,"column":9}},"type":"if","locations":[{"start":{"line":44,"column":8},"end":{"line":77,"column":9}},{"start":{"line":66,"column":15},"end":{"line":77,"column":9}}],"line":44},"2":{"loc":{"start":{"line":45,"column":10},"end":{"line":56,"column":23}},"type":"binary-expr","locations":[{"start":{"line":45,"column":10},"end":{"line":45,"column":22}},{"start":{"line":46,"column":10},"end":{"line":46,"column":22}},{"start":{"line":47,"column":10},"end":{"line":47,"column":22}},{"start":{"line":48,"column":10},"end":{"line":48,"column":22}},{"start":{"line":49,"column":10},"end":{"line":49,"column":22}},{"start":{"line":50,"column":10},"end":{"line":50,"column":22}},{"start":{"line":51,"column":10},"end":{"line":51,"column":22}},{"start":{"line":52,"column":10},"end":{"line":52,"column":22}},{"start":{"line":53,"column":10},"end":{"line":53,"column":22}},{"start":{"line":54,"column":10},"end":{"line":54,"column":23}},{"start":{"line":55,"column":10},"end":{"line":55,"column":23}},{"start":{"line":56,"column":10},"end":{"line":56,"column":23}}],"line":45},"3":{"loc":{"start":{"line":66,"column":15},"end":{"line":77,"column":9}},"type":"if","locations":[{"start":{"line":66,"column":15},"end":{"line":77,"column":9}},{"start":{"line":75,"column":15},"end":{"line":77,"column":9}}],"line":66},"4":{"loc":{"start":{"line":67,"column":10},"end":{"line":68,"column":37}},"type":"binary-expr","locations":[{"start":{"line":67,"column":10},"end":{"line":67,"column":53}},{"start":{"line":68,"column":10},"end":{"line":68,"column":37}}],"line":67},"5":{"loc":{"start":{"line":100,"column":10},"end":{"line":100,"column":76}},"type":"binary-expr","locations":[{"start":{"line":100,"column":10},"end":{"line":100,"column":19}},{"start":{"line":100,"column":23},"end":{"line":100,"column":31}},{"start":{"line":100,"column":35},"end":{"line":100,"column":52}},{"start":{"line":100,"column":56},"end":{"line":100,"column":76}}],"line":100}},"s":{"0":2,"1":0,"2":0,"3":0,"4":0,"5":0,"6":0,"7":0,"8":0,"9":0,"10":0,"11":0,"12":0,"13":0,"14":0,"15":0,"16":0,"17":0,"18":0,"19":0,"20":0,"21":0,"22":0,"23":0,"24":0,"25":0,"26":0,"27":0,"28":0,"29":0,"30":0,"31":0,"32":0,"33":0,"34":0,"35":0,"36":0,"37":0,"38":0,"39":0,"40":0,"41":0,"42":0,"43":0,"44":0,"45":0,"46":0,"47":0,"48":0,"49":0,"50":0,"51":0,"52":0,"53":0,"54":0,"55":0,"56":0,"57":0,"58":0,"59":0},"f":{"0":0,"1":0,"2":0,"3":0,"4":0,"5":0,"6":0},"b":{"0":[0,0],"1":[0,0],"2":[0,0,0,0,0,0,0,0,0,0,0,0],"3":[0,0],"4":[0,0],"5":[0,0,0,0]},"_coverageSchema":"1a1c01bbd47fc00a2c39e90264f33305004495a9","hash":"94996024a2f37fc07bf85189db2a7b62a88a801b"}
,"C:\\Users\\19194\\Documents\\GitHub\\RecycleHelper\\app\\navigation\\AuthStack.js": {"path":"C:\\Users\\19194\\Documents\\GitHub\\RecycleHelper\\app\\navigation\\AuthStack.js","statementMap":{"0":{"start":{"line":9,"column":14},"end":{"line":9,"column":36}},"1":{"start":{"line":12,"column":4},"end":{"line":20,"column":6}}},"fnMap":{"0":{"name":"AuthStack","decl":{"start":{"line":11,"column":9},"end":{"line":11,"column":18}},"loc":{"start":{"line":11,"column":21},"end":{"line":21,"column":1}},"line":11}},"branchMap":{},"s":{"0":1,"1":2},"f":{"0":2},"b":{},"_coverageSchema":"1a1c01bbd47fc00a2c39e90264f33305004495a9","hash":"01c35a66c30006c386744031867dd3cb166b88c4"}
,"C:\\Users\\19194\\Documents\\GitHub\\RecycleHelper\\app\\navigation\\AuthenticatedUserProvider.js": {"path":"C:\\Users\\19194\\Documents\\GitHub\\RecycleHelper\\app\\navigation\\AuthenticatedUserProvider.js","statementMap":{"0":{"start":{"line":3,"column":40},"end":{"line":3,"column":57}},"1":{"start":{"line":5,"column":41},"end":{"line":13,"column":1}},"2":{"start":{"line":6,"column":26},"end":{"line":6,"column":40}},"3":{"start":{"line":8,"column":2},"end":{"line":12,"column":4}}},"fnMap":{"0":{"name":"(anonymous_0)","decl":{"start":{"line":5,"column":41},"end":{"line":5,"column":42}},"loc":{"start":{"line":5,"column":59},"end":{"line":13,"column":1}},"line":5}},"branchMap":{},"s":{"0":2,"1":2,"2":2,"3":2},"f":{"0":2},"b":{},"_coverageSchema":"1a1c01bbd47fc00a2c39e90264f33305004495a9","hash":"e3947b6d88f46c5637eb2925c8b9edbca814720e"}
,"C:\\Users\\19194\\Documents\\GitHub\\RecycleHelper\\app\\navigation\\HomeStack.js": {"path":"C:\\Users\\19194\\Documents\\GitHub\\RecycleHelper\\app\\navigation\\HomeStack.js","statementMap":{"0":{"start":{"line":37,"column":14},"end":{"line":37,"column":36}},"1":{"start":{"line":40,"column":2},"end":{"line":72,"column":4}}},"fnMap":{"0":{"name":"HomeStack","decl":{"start":{"line":39,"column":24},"end":{"line":39,"column":33}},"loc":{"start":{"line":39,"column":36},"end":{"line":73,"column":1}},"line":39}},"branchMap":{},"s":{"0":2,"1":0},"f":{"0":0},"b":{},"_coverageSchema":"1a1c01bbd47fc00a2c39e90264f33305004495a9","hash":"463828f03f00a6d1903274b032bb0de7d4371b9c"}
,"C:\\Users\\19194\\Documents\\GitHub\\RecycleHelper\\app\\navigation\\ReportStack.js": {"path":"C:\\Users\\19194\\Documents\\GitHub\\RecycleHelper\\app\\navigation\\ReportStack.js","statementMap":{"0":{"start":{"line":11,"column":12},"end":{"line":11,"column":38}},"1":{"start":{"line":13,"column":20},"end":{"line":63,"column":1}},"2":{"start":{"line":14,"column":2},"end":{"line":62,"column":4}},"3":{"start":{"line":26,"column":12},"end":{"line":26,"column":68}},"4":{"start":{"line":38,"column":12},"end":{"line":42,"column":14}},"5":{"start":{"line":54,"column":12},"end":{"line":54,"column":77}},"6":{"start":{"line":65,"column":15},"end":{"line":67,"column":2}}},"fnMap":{"0":{"name":"(anonymous_0)","decl":{"start":{"line":13,"column":20},"end":{"line":13,"column":21}},"loc":{"start":{"line":13,"column":26},"end":{"line":63,"column":1}},"line":13},"1":{"name":"(anonymous_1)","decl":{"start":{"line":25,"column":22},"end":{"line":25,"column":23}},"loc":{"start":{"line":26,"column":12},"end":{"line":26,"column":68}},"line":26},"2":{"name":"(anonymous_2)","decl":{"start":{"line":37,"column":22},"end":{"line":37,"column":23}},"loc":{"start":{"line":38,"column":12},"end":{"line":42,"column":14}},"line":38},"3":{"name":"(anonymous_3)","decl":{"start":{"line":53,"column":22},"end":{"line":53,"column":23}},"loc":{"start":{"line":54,"column":12},"end":{"line":54,"column":77}},"line":54}},"branchMap":{},"s":{"0":2,"1":2,"2":0,"3":0,"4":0,"5":0,"6":2},"f":{"0":0,"1":0,"2":0,"3":0},"b":{},"_coverageSchema":"1a1c01bbd47fc00a2c39e90264f33305004495a9","hash":"72fc868f0671cceb100b7b132bca8ba94f580aeb"}
,"C:\\Users\\19194\\Documents\\GitHub\\RecycleHelper\\app\\navigation\\RootNavigator.js": {"path":"C:\\Users\\19194\\Documents\\GitHub\\RecycleHelper\\app\\navigation\\RootNavigator.js","statementMap":{"0":{"start":{"line":10,"column":13},"end":{"line":10,"column":30}},"1":{"start":{"line":13,"column":28},"end":{"line":13,"column":64}},"2":{"start":{"line":16,"column":2},"end":{"line":35,"column":9}},"3":{"start":{"line":19,"column":28},"end":{"line":31,"column":5}},"4":{"start":{"line":22,"column":8},"end":{"line":29,"column":9}},"5":{"start":{"line":23,"column":10},"end":{"line":25,"column":29}},"6":{"start":{"line":28,"column":10},"end":{"line":28,"column":29}},"7":{"start":{"line":34,"column":4},"end":{"line":34,"column":27}},"8":{"start":{"line":45,"column":2},"end":{"line":49,"column":4}}},"fnMap":{"0":{"name":"RootNavigator","decl":{"start":{"line":12,"column":24},"end":{"line":12,"column":37}},"loc":{"start":{"line":12,"column":40},"end":{"line":50,"column":1}},"line":12},"1":{"name":"(anonymous_1)","decl":{"start":{"line":16,"column":12},"end":{"line":16,"column":13}},"loc":{"start":{"line":16,"column":18},"end":{"line":35,"column":3}},"line":16},"2":{"name":"(anonymous_2)","decl":{"start":{"line":21,"column":6},"end":{"line":21,"column":7}},"loc":{"start":{"line":21,"column":35},"end":{"line":30,"column":7}},"line":21}},"branchMap":{"0":{"loc":{"start":{"line":23,"column":17},"end":{"line":25,"column":27}},"type":"cond-expr","locations":[{"start":{"line":24,"column":14},"end":{"line":24,"column":40}},{"start":{"line":25,"column":14},"end":{"line":25,"column":27}}],"line":23},"1":{"loc":{"start":{"line":47,"column":7},"end":{"line":47,"column":43}},"type":"cond-expr","locations":[{"start":{"line":47,"column":14},"end":{"line":47,"column":27}},{"start":{"line":47,"column":30},"end":{"line":47,"column":43}}],"line":47}},"s":{"0":1,"1":2,"2":2,"3":2,"4":2,"5":2,"6":0,"7":2,"8":2},"f":{"0":2,"1":2,"2":2},"b":{"0":[0,2],"1":[0,2]},"_coverageSchema":"1a1c01bbd47fc00a2c39e90264f33305004495a9","hash":"e44b20081e0d96240d5c25bab76b3900f1ba8f0e"}
,"C:\\Users\\19194\\Documents\\GitHub\\RecycleHelper\\app\\navigation\\WelcomeStack.js": {"path":"C:\\Users\\19194\\Documents\\GitHub\\RecycleHelper\\app\\navigation\\WelcomeStack.js","statementMap":{},"fnMap":{},"branchMap":{},"s":{},"f":{},"b":{}}
,"C:\\Users\\19194\\Documents\\GitHub\\RecycleHelper\\app\\navigation\\index.js": {"path":"C:\\Users\\19194\\Documents\\GitHub\\RecycleHelper\\app\\navigation\\index.js","statementMap":{"0":{"start":{"line":11,"column":2},"end":{"line":15,"column":4}}},"fnMap":{"0":{"name":"Routes","decl":{"start":{"line":10,"column":24},"end":{"line":10,"column":30}},"loc":{"start":{"line":10,"column":33},"end":{"line":16,"column":1}},"line":10}},"branchMap":{},"s":{"0":2},"f":{"0":2},"b":{},"_coverageSchema":"1a1c01bbd47fc00a2c39e90264f33305004495a9","hash":"40d5b8c9af9cbc0a1a2cbcb6dca84ff2f54d4898"}
,"C:\\Users\\19194\\Documents\\GitHub\\RecycleHelper\\app\\screens\\CongratulationsScreen.js": {"path":"C:\\Users\\19194\\Documents\\GitHub\\RecycleHelper\\app\\screens\\CongratulationsScreen.js","statementMap":{"0":{"start":{"line":12,"column":40},"end":{"line":12,"column":74}},"1":{"start":{"line":13,"column":32},"end":{"line":16,"column":3}},"2":{"start":{"line":14,"column":4},"end":{"line":14,"column":35}},"3":{"start":{"line":15,"column":4},"end":{"line":15,"column":16}},"4":{"start":{"line":18,"column":2},"end":{"line":26,"column":9}},"5":{"start":{"line":19,"column":4},"end":{"line":19,"column":77}},"6":{"start":{"line":20,"column":4},"end":{"line":25,"column":6}},"7":{"start":{"line":21,"column":6},"end":{"line":24,"column":8}},"8":{"start":{"line":27,"column":2},"end":{"line":59,"column":4}},"9":{"start":{"line":54,"column":27},"end":{"line":54,"column":54}},"10":{"start":{"line":62,"column":15},"end":{"line":87,"column":2}}},"fnMap":{"0":{"name":"CongratulationsScreen","decl":{"start":{"line":11,"column":9},"end":{"line":11,"column":30}},"loc":{"start":{"line":11,"column":47},"end":{"line":60,"column":1}},"line":11},"1":{"name":"(anonymous_1)","decl":{"start":{"line":13,"column":32},"end":{"line":13,"column":33}},"loc":{"start":{"line":13,"column":38},"end":{"line":16,"column":3}},"line":13},"2":{"name":"(anonymous_2)","decl":{"start":{"line":18,"column":12},"end":{"line":18,"column":13}},"loc":{"start":{"line":18,"column":18},"end":{"line":26,"column":3}},"line":18},"3":{"name":"(anonymous_3)","decl":{"start":{"line":20,"column":11},"end":{"line":20,"column":12}},"loc":{"start":{"line":20,"column":17},"end":{"line":25,"column":5}},"line":20},"4":{"name":"(anonymous_4)","decl":{"start":{"line":54,"column":21},"end":{"line":54,"column":22}},"loc":{"start":{"line":54,"column":27},"end":{"line":54,"column":54}},"line":54}},"branchMap":{},"s":{"0":2,"1":2,"2":0,"3":0,"4":2,"5":2,"6":2,"7":1,"8":2,"9":1,"10":3},"f":{"0":2,"1":0,"2":2,"3":1,"4":1},"b":{},"_coverageSchema":"1a1c01bbd47fc00a2c39e90264f33305004495a9","hash":"0996af118fe527e27ff60bd839ba68d4b32f3048"}
,"C:\\Users\\19194\\Documents\\GitHub\\RecycleHelper\\app\\screens\\HomeScreen.js": {"path":"C:\\Users\\19194\\Documents\\GitHub\\RecycleHelper\\app\\screens\\HomeScreen.js","statementMap":{"0":{"start":{"line":16,"column":13},"end":{"line":16,"column":30}},"1":{"start":{"line":19,"column":20},"end":{"line":19,"column":34}},"2":{"start":{"line":20,"column":34},"end":{"line":20,"column":44}},"3":{"start":{"line":21,"column":19},"end":{"line":21,"column":55}},"4":{"start":{"line":22,"column":2},"end":{"line":36,"column":18}},"5":{"start":{"line":23,"column":4},"end":{"line":35,"column":5}},"6":{"start":{"line":24,"column":24},"end":{"line":24,"column":75}},"7":{"start":{"line":25,"column":6},"end":{"line":34,"column":9}},"8":{"start":{"line":27,"column":8},"end":{"line":27,"column":32}},"9":{"start":{"line":38,"column":2},"end":{"line":38,"column":20}},"10":{"start":{"line":39,"column":24},"end":{"line":47,"column":3}},"11":{"start":{"line":40,"column":4},"end":{"line":46,"column":5}},"12":{"start":{"line":41,"column":6},"end":{"line":41,"column":21}},"13":{"start":{"line":43,"column":6},"end":{"line":43,"column":57}},"14":{"start":{"line":45,"column":6},"end":{"line":45,"column":25}},"15":{"start":{"line":49,"column":27},"end":{"line":51,"column":3}},"16":{"start":{"line":50,"column":4},"end":{"line":50,"column":35}},"17":{"start":{"line":53,"column":2},"end":{"line":100,"column":4}},"18":{"start":{"line":75,"column":14},"end":{"line":75,"column":49}},"19":{"start":{"line":81,"column":14},"end":{"line":81,"column":44}},"20":{"start":{"line":87,"column":14},"end":{"line":87,"column":49}},"21":{"start":{"line":103,"column":15},"end":{"line":130,"column":2}}},"fnMap":{"0":{"name":"HomeScreen","decl":{"start":{"line":18,"column":9},"end":{"line":18,"column":19}},"loc":{"start":{"line":18,"column":36},"end":{"line":101,"column":1}},"line":18},"1":{"name":"(anonymous_1)","decl":{"start":{"line":22,"column":12},"end":{"line":22,"column":13}},"loc":{"start":{"line":22,"column":18},"end":{"line":36,"column":3}},"line":22},"2":{"name":"(anonymous_2)","decl":{"start":{"line":25,"column":21},"end":{"line":25,"column":22}},"loc":{"start":{"line":25,"column":32},"end":{"line":34,"column":7}},"line":25},"3":{"name":"(anonymous_3)","decl":{"start":{"line":39,"column":24},"end":{"line":39,"column":25}},"loc":{"start":{"line":39,"column":36},"end":{"line":47,"column":3}},"line":39},"4":{"name":"(anonymous_4)","decl":{"start":{"line":49,"column":27},"end":{"line":49,"column":28}},"loc":{"start":{"line":49,"column":33},"end":{"line":51,"column":3}},"line":49},"5":{"name":"(anonymous_5)","decl":{"start":{"line":74,"column":21},"end":{"line":74,"column":22}},"loc":{"start":{"line":74,"column":27},"end":{"line":76,"column":13}},"line":74},"6":{"name":"(anonymous_6)","decl":{"start":{"line":80,"column":21},"end":{"line":80,"column":22}},"loc":{"start":{"line":80,"column":27},"end":{"line":82,"column":13}},"line":80},"7":{"name":"(anonymous_7)","decl":{"start":{"line":86,"column":21},"end":{"line":86,"column":22}},"loc":{"start":{"line":86,"column":27},"end":{"line":88,"column":13}},"line":86}},"branchMap":{"0":{"loc":{"start":{"line":23,"column":4},"end":{"line":35,"column":5}},"type":"if","locations":[{"start":{"line":23,"column":4},"end":{"line":35,"column":5}},{"start":{},"end":{}}],"line":23}},"s":{"0":2,"1":0,"2":0,"3":0,"4":0,"5":0,"6":0,"7":0,"8":0,"9":0,"10":0,"11":0,"12":0,"13":0,"14":0,"15":0,"16":0,"17":0,"18":0,"19":0,"20":0,"21":2},"f":{"0":0,"1":0,"2":0,"3":0,"4":0,"5":0,"6":0,"7":0},"b":{"0":[0,0]},"_coverageSchema":"1a1c01bbd47fc00a2c39e90264f33305004495a9","hash":"5a5cca8e8c55a8c212ea8afa3532aecea107a9a0"}
,"C:\\Users\\19194\\Documents\\GitHub\\RecycleHelper\\app\\screens\\InstructionsScreen.js": {"path":"C:\\Users\\19194\\Documents\\GitHub\\RecycleHelper\\app\\screens\\InstructionsScreen.js","statementMap":{"0":{"start":{"line":33,"column":19},"end":{"line":33,"column":55}},"1":{"start":{"line":34,"column":17},"end":{"line":34,"column":39}},"2":{"start":{"line":35,"column":21},"end":{"line":35,"column":38}},"3":{"start":{"line":36,"column":27},"end":{"line":36,"column":39}},"4":{"start":{"line":37,"column":28},"end":{"line":37,"column":40}},"5":{"start":{"line":38,"column":26},"end":{"line":38,"column":38}},"6":{"start":{"line":39,"column":52},"end":{"line":39,"column":67}},"7":{"start":{"line":41,"column":2},"end":{"line":56,"column":9}},"8":{"start":{"line":43,"column":6},"end":{"line":43,"column":65}},"9":{"start":{"line":44,"column":4},"end":{"line":48,"column":7}},"10":{"start":{"line":45,"column":6},"end":{"line":45,"column":53}},"11":{"start":{"line":46,"column":6},"end":{"line":46,"column":38}},"12":{"start":{"line":47,"column":6},"end":{"line":47,"column":26}},"13":{"start":{"line":49,"column":4},"end":{"line":49,"column":77}},"14":{"start":{"line":50,"column":4},"end":{"line":55,"column":6}},"15":{"start":{"line":51,"column":6},"end":{"line":54,"column":8}},"16":{"start":{"line":58,"column":32},"end":{"line":61,"column":3}},"17":{"start":{"line":59,"column":4},"end":{"line":59,"column":35}},"18":{"start":{"line":60,"column":4},"end":{"line":60,"column":16}},"19":{"start":{"line":64,"column":32},"end":{"line":64,"column":47}},"20":{"start":{"line":65,"column":23},"end":{"line":65,"column":25}},"21":{"start":{"line":68,"column":6},"end":{"line":68,"column":25}},"22":{"start":{"line":69,"column":6},"end":{"line":69,"column":50}},"23":{"start":{"line":71,"column":4},"end":{"line":81,"column":6}},"24":{"start":{"line":75,"column":10},"end":{"line":75,"column":37}},"25":{"start":{"line":76,"column":10},"end":{"line":76,"column":29}},"26":{"start":{"line":85,"column":23},"end":{"line":85,"column":24}},"27":{"start":{"line":87,"column":6},"end":{"line":87,"column":50}},"28":{"start":{"line":88,"column":6},"end":{"line":92,"column":7}},"29":{"start":{"line":89,"column":8},"end":{"line":91,"column":11}},"30":{"start":{"line":90,"column":10},"end":{"line":90,"column":34}},"31":{"start":{"line":93,"column":6},"end":{"line":97,"column":7}},"32":{"start":{"line":94,"column":8},"end":{"line":96,"column":11}},"33":{"start":{"line":95,"column":10},"end":{"line":95,"column":35}},"34":{"start":{"line":103,"column":4},"end":{"line":118,"column":6}},"35":{"start":{"line":110,"column":10},"end":{"line":110,"column":51}},"36":{"start":{"line":111,"column":10},"end":{"line":111,"column":29}},"37":{"start":{"line":121,"column":25},"end":{"line":127,"column":3}},"38":{"start":{"line":122,"column":4},"end":{"line":126,"column":7}},"39":{"start":{"line":123,"column":6},"end":{"line":125,"column":7}},"40":{"start":{"line":124,"column":8},"end":{"line":124,"column":45}},"41":{"start":{"line":128,"column":23},"end":{"line":147,"column":3}},"42":{"start":{"line":129,"column":27},"end":{"line":129,"column":69}},"43":{"start":{"line":129,"column":52},"end":{"line":129,"column":68}},"44":{"start":{"line":130,"column":18},"end":{"line":130,"column":41}},"45":{"start":{"line":131,"column":4},"end":{"line":146,"column":5}},"46":{"start":{"line":132,"column":6},"end":{"line":132,"column":68}},"47":{"start":{"line":134,"column":20},"end":{"line":134,"column":30}},"48":{"start":{"line":136,"column":8},"end":{"line":136,"column":78}},"49":{"start":{"line":137,"column":19},"end":{"line":137,"column":38}},"50":{"start":{"line":138,"column":20},"end":{"line":138,"column":40}},"51":{"start":{"line":139,"column":24},"end":{"line":139,"column":39}},"52":{"start":{"line":140,"column":6},"end":{"line":144,"column":7}},"53":{"start":{"line":141,"column":8},"end":{"line":141,"column":65}},"54":{"start":{"line":143,"column":8},"end":{"line":143,"column":78}},"55":{"start":{"line":145,"column":6},"end":{"line":145,"column":45}},"56":{"start":{"line":148,"column":30},"end":{"line":189,"column":3}},"57":{"start":{"line":149,"column":15},"end":{"line":149,"column":29}},"58":{"start":{"line":150,"column":19},"end":{"line":150,"column":48}},"59":{"start":{"line":151,"column":4},"end":{"line":188,"column":5}},"60":{"start":{"line":152,"column":6},"end":{"line":185,"column":8}},"61":{"start":{"line":187,"column":6},"end":{"line":187,"column":25}},"62":{"start":{"line":191,"column":43},"end":{"line":245,"column":3}},"63":{"start":{"line":198,"column":15},"end":{"line":198,"column":29}},"64":{"start":{"line":199,"column":19},"end":{"line":199,"column":48}},"65":{"start":{"line":200,"column":4},"end":{"line":244,"column":5}},"66":{"start":{"line":201,"column":6},"end":{"line":241,"column":8}},"67":{"start":{"line":243,"column":6},"end":{"line":243,"column":25}},"68":{"start":{"line":247,"column":2},"end":{"line":360,"column":4}},"69":{"start":{"line":290,"column":34},"end":{"line":290,"column":52}},"70":{"start":{"line":293,"column":12},"end":{"line":305,"column":19}},"71":{"start":{"line":317,"column":29},"end":{"line":317,"column":69}},"72":{"start":{"line":339,"column":47},"end":{"line":339,"column":68}},"73":{"start":{"line":362,"column":15},"end":{"line":418,"column":2}}},"fnMap":{"0":{"name":"InstructionsScreen","decl":{"start":{"line":32,"column":9},"end":{"line":32,"column":27}},"loc":{"start":{"line":32,"column":51},"end":{"line":361,"column":1}},"line":32},"1":{"name":"(anonymous_1)","decl":{"start":{"line":41,"column":12},"end":{"line":41,"column":13}},"loc":{"start":{"line":41,"column":18},"end":{"line":56,"column":3}},"line":41},"2":{"name":"(anonymous_2)","decl":{"start":{"line":44,"column":19},"end":{"line":44,"column":20}},"loc":{"start":{"line":44,"column":30},"end":{"line":48,"column":5}},"line":44},"3":{"name":"(anonymous_3)","decl":{"start":{"line":50,"column":11},"end":{"line":50,"column":12}},"loc":{"start":{"line":50,"column":17},"end":{"line":55,"column":5}},"line":50},"4":{"name":"(anonymous_4)","decl":{"start":{"line":58,"column":32},"end":{"line":58,"column":33}},"loc":{"start":{"line":58,"column":38},"end":{"line":61,"column":3}},"line":58},"5":{"name":"CheckBox","decl":{"start":{"line":63,"column":11},"end":{"line":63,"column":19}},"loc":{"start":{"line":63,"column":35},"end":{"line":82,"column":3}},"line":63},"6":{"name":"onCheckmarkPress","decl":{"start":{"line":67,"column":13},"end":{"line":67,"column":29}},"loc":{"start":{"line":67,"column":32},"end":{"line":70,"column":5}},"line":67},"7":{"name":"(anonymous_7)","decl":{"start":{"line":74,"column":17},"end":{"line":74,"column":18}},"loc":{"start":{"line":74,"column":23},"end":{"line":77,"column":9}},"line":74},"8":{"name":"SelectAllCheckBox","decl":{"start":{"line":84,"column":11},"end":{"line":84,"column":28}},"loc":{"start":{"line":84,"column":31},"end":{"line":119,"column":3}},"line":84},"9":{"name":"onCheckmarkPress","decl":{"start":{"line":86,"column":13},"end":{"line":86,"column":29}},"loc":{"start":{"line":86,"column":32},"end":{"line":102,"column":5}},"line":86},"10":{"name":"(anonymous_10)","decl":{"start":{"line":89,"column":18},"end":{"line":89,"column":19}},"loc":{"start":{"line":89,"column":30},"end":{"line":91,"column":9}},"line":89},"11":{"name":"(anonymous_11)","decl":{"start":{"line":94,"column":18},"end":{"line":94,"column":19}},"loc":{"start":{"line":94,"column":30},"end":{"line":96,"column":9}},"line":94},"12":{"name":"(anonymous_12)","decl":{"start":{"line":109,"column":17},"end":{"line":109,"column":18}},"loc":{"start":{"line":109,"column":23},"end":{"line":112,"column":9}},"line":109},"13":{"name":"(anonymous_13)","decl":{"start":{"line":121,"column":25},"end":{"line":121,"column":26}},"loc":{"start":{"line":121,"column":33},"end":{"line":127,"column":3}},"line":121},"14":{"name":"(anonymous_14)","decl":{"start":{"line":122,"column":14},"end":{"line":122,"column":15}},"loc":{"start":{"line":122,"column":26},"end":{"line":126,"column":5}},"line":122},"15":{"name":"(anonymous_15)","decl":{"start":{"line":128,"column":23},"end":{"line":128,"column":24}},"loc":{"start":{"line":128,"column":29},"end":{"line":147,"column":3}},"line":128},"16":{"name":"(anonymous_16)","decl":{"start":{"line":129,"column":40},"end":{"line":129,"column":41}},"loc":{"start":{"line":129,"column":52},"end":{"line":129,"column":68}},"line":129},"17":{"name":"(anonymous_17)","decl":{"start":{"line":148,"column":30},"end":{"line":148,"column":31}},"loc":{"start":{"line":148,"column":77},"end":{"line":189,"column":3}},"line":148},"18":{"name":"(anonymous_18)","decl":{"start":{"line":191,"column":43},"end":{"line":191,"column":44}},"loc":{"start":{"line":197,"column":7},"end":{"line":245,"column":3}},"line":197},"19":{"name":"(anonymous_19)","decl":{"start":{"line":290,"column":24},"end":{"line":290,"column":25}},"loc":{"start":{"line":290,"column":34},"end":{"line":290,"column":52}},"line":290},"20":{"name":"(anonymous_20)","decl":{"start":{"line":292,"column":22},"end":{"line":292,"column":23}},"loc":{"start":{"line":293,"column":12},"end":{"line":305,"column":19}},"line":293},"21":{"name":"(anonymous_21)","decl":{"start":{"line":317,"column":23},"end":{"line":317,"column":24}},"loc":{"start":{"line":317,"column":29},"end":{"line":317,"column":69}},"line":317},"22":{"name":"(anonymous_22)","decl":{"start":{"line":339,"column":41},"end":{"line":339,"column":42}},"loc":{"start":{"line":339,"column":47},"end":{"line":339,"column":68}},"line":339}},"branchMap":{"0":{"loc":{"start":{"line":73,"column":37},"end":{"line":73,"column":70}},"type":"binary-expr","locations":[{"start":{"line":73,"column":37},"end":{"line":73,"column":44}},{"start":{"line":73,"column":48},"end":{"line":73,"column":70}}],"line":73},"1":{"loc":{"start":{"line":79,"column":9},"end":{"line":79,"column":75}},"type":"binary-expr","locations":[{"start":{"line":79,"column":9},"end":{"line":79,"column":16}},{"start":{"line":79,"column":20},"end":{"line":79,"column":75}}],"line":79},"2":{"loc":{"start":{"line":88,"column":6},"end":{"line":92,"column":7}},"type":"if","locations":[{"start":{"line":88,"column":6},"end":{"line":92,"column":7}},{"start":{},"end":{}}],"line":88},"3":{"loc":{"start":{"line":93,"column":6},"end":{"line":97,"column":7}},"type":"if","locations":[{"start":{"line":93,"column":6},"end":{"line":97,"column":7}},{"start":{},"end":{}}],"line":93},"4":{"loc":{"start":{"line":107,"column":10},"end":{"line":107,"column":53}},"type":"binary-expr","locations":[{"start":{"line":107,"column":10},"end":{"line":107,"column":27}},{"start":{"line":107,"column":31},"end":{"line":107,"column":53}}],"line":107},"5":{"loc":{"start":{"line":114,"column":9},"end":{"line":116,"column":9}},"type":"binary-expr","locations":[{"start":{"line":114,"column":9},"end":{"line":114,"column":26}},{"start":{"line":115,"column":10},"end":{"line":115,"column":65}}],"line":114},"6":{"loc":{"start":{"line":123,"column":6},"end":{"line":125,"column":7}},"type":"if","locations":[{"start":{"line":123,"column":6},"end":{"line":125,"column":7}},{"start":{},"end":{}}],"line":123},"7":{"loc":{"start":{"line":131,"column":4},"end":{"line":146,"column":5}},"type":"if","locations":[{"start":{"line":131,"column":4},"end":{"line":146,"column":5}},{"start":{"line":133,"column":11},"end":{"line":146,"column":5}}],"line":131},"8":{"loc":{"start":{"line":140,"column":6},"end":{"line":144,"column":7}},"type":"if","locations":[{"start":{"line":140,"column":6},"end":{"line":144,"column":7}},{"start":{"line":142,"column":13},"end":{"line":144,"column":7}}],"line":140},"9":{"loc":{"start":{"line":264,"column":11},"end":{"line":286,"column":11}},"type":"cond-expr","locations":[{"start":{"line":265,"column":12},"end":{"line":274,"column":19}},{"start":{"line":276,"column":12},"end":{"line":285,"column":19}}],"line":264},"10":{"loc":{"start":{"line":295,"column":17},"end":{"line":299,"column":17}},"type":"cond-expr","locations":[{"start":{"line":296,"column":18},"end":{"line":296,"column":69}},{"start":{"line":298,"column":18},"end":{"line":298,"column":66}}],"line":295},"11":{"loc":{"start":{"line":323,"column":11},"end":{"line":344,"column":11}},"type":"cond-expr","locations":[{"start":{"line":324,"column":12},"end":{"line":330,"column":20}},{"start":{"line":332,"column":12},"end":{"line":343,"column":19}}],"line":323}},"s":{"0":0,"1":0,"2":0,"3":0,"4":0,"5":0,"6":0,"7":0,"8":0,"9":0,"10":0,"11":0,"12":0,"13":0,"14":0,"15":0,"16":0,"17":0,"18":0,"19":0,"20":0,"21":0,"22":0,"23":0,"24":0,"25":0,"26":0,"27":0,"28":0,"29":0,"30":0,"31":0,"32":0,"33":0,"34":0,"35":0,"36":0,"37":0,"38":0,"39":0,"40":0,"41":0,"42":0,"43":0,"44":0,"45":0,"46":0,"47":0,"48":0,"49":0,"50":0,"51":0,"52":0,"53":0,"54":0,"55":0,"56":0,"57":0,"58":0,"59":0,"60":0,"61":0,"62":0,"63":0,"64":0,"65":0,"66":0,"67":0,"68":0,"69":0,"70":0,"71":0,"72":0,"73":2},"f":{"0":0,"1":0,"2":0,"3":0,"4":0,"5":0,"6":0,"7":0,"8":0,"9":0,"10":0,"11":0,"12":0,"13":0,"14":0,"15":0,"16":0,"17":0,"18":0,"19":0,"20":0,"21":0,"22":0},"b":{"0":[0,0],"1":[0,0],"2":[0,0],"3":[0,0],"4":[0,0],"5":[0,0],"6":[0,0],"7":[0,0],"8":[0,0],"9":[0,0],"10":[0,0],"11":[0,0]},"_coverageSchema":"1a1c01bbd47fc00a2c39e90264f33305004495a9","hash":"0f84c0c7a321bd58761f6b83dbc8321c0f7d85d6"}
,"C:\\Users\\19194\\Documents\\GitHub\\RecycleHelper\\app\\screens\\LoginScreen.js": {"path":"C:\\Users\\19194\\Documents\\GitHub\\RecycleHelper\\app\\screens\\LoginScreen.js","statementMap":{"0":{"start":{"line":13,"column":13},"end":{"line":13,"column":30}},"1":{"start":{"line":16,"column":28},"end":{"line":16,"column":40}},"2":{"start":{"line":17,"column":34},"end":{"line":17,"column":46}},"3":{"start":{"line":18,"column":54},"end":{"line":18,"column":68}},"4":{"start":{"line":19,"column":36},"end":{"line":19,"column":51}},"5":{"start":{"line":20,"column":38},"end":{"line":20,"column":50}},"6":{"start":{"line":22,"column":35},"end":{"line":30,"column":3}},"7":{"start":{"line":23,"column":4},"end":{"line":29,"column":5}},"8":{"start":{"line":24,"column":6},"end":{"line":24,"column":30}},"9":{"start":{"line":25,"column":6},"end":{"line":25,"column":49}},"10":{"start":{"line":26,"column":11},"end":{"line":29,"column":5}},"11":{"start":{"line":27,"column":6},"end":{"line":27,"column":26}},"12":{"start":{"line":28,"column":6},"end":{"line":28,"column":49}},"13":{"start":{"line":32,"column":18},"end":{"line":53,"column":3}},"14":{"start":{"line":33,"column":4},"end":{"line":52,"column":5}},"15":{"start":{"line":34,"column":6},"end":{"line":34,"column":47}},"16":{"start":{"line":35,"column":11},"end":{"line":52,"column":5}},"17":{"start":{"line":36,"column":6},"end":{"line":36,"column":50}},"18":{"start":{"line":38,"column":6},"end":{"line":51,"column":7}},"19":{"start":{"line":39,"column":8},"end":{"line":48,"column":9}},"20":{"start":{"line":40,"column":10},"end":{"line":47,"column":15}},"21":{"start":{"line":43,"column":14},"end":{"line":43,"column":48}},"22":{"start":{"line":46,"column":14},"end":{"line":46,"column":43}},"23":{"start":{"line":50,"column":8},"end":{"line":50,"column":37}},"24":{"start":{"line":108,"column":2},"end":{"line":159,"column":4}},"25":{"start":{"line":127,"column":34},"end":{"line":127,"column":48}},"26":{"start":{"line":138,"column":34},"end":{"line":138,"column":51}},"27":{"start":{"line":154,"column":25},"end":{"line":154,"column":54}},"28":{"start":{"line":162,"column":15},"end":{"line":197,"column":2}}},"fnMap":{"0":{"name":"LoginScreen","decl":{"start":{"line":15,"column":9},"end":{"line":15,"column":20}},"loc":{"start":{"line":15,"column":37},"end":{"line":160,"column":1}},"line":15},"1":{"name":"(anonymous_1)","decl":{"start":{"line":22,"column":35},"end":{"line":22,"column":36}},"loc":{"start":{"line":22,"column":41},"end":{"line":30,"column":3}},"line":22},"2":{"name":"(anonymous_2)","decl":{"start":{"line":32,"column":18},"end":{"line":32,"column":19}},"loc":{"start":{"line":32,"column":30},"end":{"line":53,"column":3}},"line":32},"3":{"name":"(anonymous_3)","decl":{"start":{"line":41,"column":18},"end":{"line":41,"column":19}},"loc":{"start":{"line":41,"column":24},"end":{"line":44,"column":13}},"line":41},"4":{"name":"(anonymous_4)","decl":{"start":{"line":45,"column":19},"end":{"line":45,"column":20}},"loc":{"start":{"line":45,"column":30},"end":{"line":47,"column":13}},"line":45},"5":{"name":"(anonymous_5)","decl":{"start":{"line":127,"column":24},"end":{"line":127,"column":25}},"loc":{"start":{"line":127,"column":34},"end":{"line":127,"column":48}},"line":127},"6":{"name":"(anonymous_6)","decl":{"start":{"line":138,"column":24},"end":{"line":138,"column":25}},"loc":{"start":{"line":138,"column":34},"end":{"line":138,"column":51}},"line":138},"7":{"name":"(anonymous_7)","decl":{"start":{"line":154,"column":19},"end":{"line":154,"column":20}},"loc":{"start":{"line":154,"column":25},"end":{"line":154,"column":54}},"line":154}},"branchMap":{"0":{"loc":{"start":{"line":23,"column":4},"end":{"line":29,"column":5}},"type":"if","locations":[{"start":{"line":23,"column":4},"end":{"line":29,"column":5}},{"start":{"line":26,"column":11},"end":{"line":29,"column":5}}],"line":23},"1":{"loc":{"start":{"line":26,"column":11},"end":{"line":29,"column":5}},"type":"if","locations":[{"start":{"line":26,"column":11},"end":{"line":29,"column":5}},{"start":{},"end":{}}],"line":26},"2":{"loc":{"start":{"line":33,"column":4},"end":{"line":52,"column":5}},"type":"if","locations":[{"start":{"line":33,"column":4},"end":{"line":52,"column":5}},{"start":{"line":35,"column":11},"end":{"line":52,"column":5}}],"line":33},"3":{"loc":{"start":{"line":35,"column":11},"end":{"line":52,"column":5}},"type":"if","locations":[{"start":{"line":35,"column":11},"end":{"line":52,"column":5}},{"start":{"line":37,"column":11},"end":{"line":52,"column":5}}],"line":35},"4":{"loc":{"start":{"line":39,"column":8},"end":{"line":48,"column":9}},"type":"if","locations":[{"start":{"line":39,"column":8},"end":{"line":48,"column":9}},{"start":{},"end":{}}],"line":39},"5":{"loc":{"start":{"line":39,"column":12},"end":{"line":39,"column":43}},"type":"binary-expr","locations":[{"start":{"line":39,"column":12},"end":{"line":39,"column":24}},{"start":{"line":39,"column":28},"end":{"line":39,"column":43}}],"line":39},"6":{"loc":{"start":{"line":141,"column":9},"end":{"line":141,"column":79}},"type":"cond-expr","locations":[{"start":{"line":141,"column":22},"end":{"line":141,"column":72}},{"start":{"line":141,"column":75},"end":{"line":141,"column":79}}],"line":141}},"s":{"0":1,"1":0,"2":0,"3":0,"4":0,"5":0,"6":0,"7":0,"8":0,"9":0,"10":0,"11":0,"12":0,"13":0,"14":0,"15":0,"16":0,"17":0,"18":0,"19":0,"20":0,"21":0,"22":0,"23":0,"24":0,"25":0,"26":0,"27":0,"28":1},"f":{"0":0,"1":0,"2":0,"3":0,"4":0,"5":0,"6":0,"7":0},"b":{"0":[0,0],"1":[0,0],"2":[0,0],"3":[0,0],"4":[0,0],"5":[0,0],"6":[0,0]},"_coverageSchema":"1a1c01bbd47fc00a2c39e90264f33305004495a9","hash":"6d3b5de56ab2d5add930dfc65a2abbc6fec68689"}
,"C:\\Users\\19194\\Documents\\GitHub\\RecycleHelper\\app\\screens\\MainCategoryListScreen.js": {"path":"C:\\Users\\19194\\Documents\\GitHub\\RecycleHelper\\app\\screens\\MainCategoryListScreen.js","statementMap":{"0":{"start":{"line":10,"column":2},"end":{"line":58,"column":4}},"1":{"start":{"line":21,"column":27},"end":{"line":21,"column":60}},"2":{"start":{"line":25,"column":27},"end":{"line":25,"column":62}},"3":{"start":{"line":29,"column":27},"end":{"line":29,"column":55}},"4":{"start":{"line":33,"column":27},"end":{"line":33,"column":57}},"5":{"start":{"line":37,"column":27},"end":{"line":37,"column":55}},"6":{"start":{"line":41,"column":27},"end":{"line":41,"column":61}},"7":{"start":{"line":45,"column":27},"end":{"line":45,"column":55}},"8":{"start":{"line":49,"column":27},"end":{"line":49,"column":64}},"9":{"start":{"line":53,"column":27},"end":{"line":53,"column":59}},"10":{"start":{"line":61,"column":15},"end":{"line":77,"column":2}}},"fnMap":{"0":{"name":"MainCategoryListScreen","decl":{"start":{"line":9,"column":9},"end":{"line":9,"column":31}},"loc":{"start":{"line":9,"column":48},"end":{"line":59,"column":1}},"line":9},"1":{"name":"(anonymous_1)","decl":{"start":{"line":21,"column":21},"end":{"line":21,"column":22}},"loc":{"start":{"line":21,"column":27},"end":{"line":21,"column":60}},"line":21},"2":{"name":"(anonymous_2)","decl":{"start":{"line":25,"column":21},"end":{"line":25,"column":22}},"loc":{"start":{"line":25,"column":27},"end":{"line":25,"column":62}},"line":25},"3":{"name":"(anonymous_3)","decl":{"start":{"line":29,"column":21},"end":{"line":29,"column":22}},"loc":{"start":{"line":29,"column":27},"end":{"line":29,"column":55}},"line":29},"4":{"name":"(anonymous_4)","decl":{"start":{"line":33,"column":21},"end":{"line":33,"column":22}},"loc":{"start":{"line":33,"column":27},"end":{"line":33,"column":57}},"line":33},"5":{"name":"(anonymous_5)","decl":{"start":{"line":37,"column":21},"end":{"line":37,"column":22}},"loc":{"start":{"line":37,"column":27},"end":{"line":37,"column":55}},"line":37},"6":{"name":"(anonymous_6)","decl":{"start":{"line":41,"column":21},"end":{"line":41,"column":22}},"loc":{"start":{"line":41,"column":27},"end":{"line":41,"column":61}},"line":41},"7":{"name":"(anonymous_7)","decl":{"start":{"line":45,"column":21},"end":{"line":45,"column":22}},"loc":{"start":{"line":45,"column":27},"end":{"line":45,"column":55}},"line":45},"8":{"name":"(anonymous_8)","decl":{"start":{"line":49,"column":21},"end":{"line":49,"column":22}},"loc":{"start":{"line":49,"column":27},"end":{"line":49,"column":64}},"line":49},"9":{"name":"(anonymous_9)","decl":{"start":{"line":53,"column":21},"end":{"line":53,"column":22}},"loc":{"start":{"line":53,"column":27},"end":{"line":53,"column":59}},"line":53}},"branchMap":{},"s":{"0":0,"1":0,"2":0,"3":0,"4":0,"5":0,"6":0,"7":0,"8":0,"9":0,"10":2},"f":{"0":0,"1":0,"2":0,"3":0,"4":0,"5":0,"6":0,"7":0,"8":0,"9":0},"b":{},"_coverageSchema":"1a1c01bbd47fc00a2c39e90264f33305004495a9","hash":"58cbd922c59e857e67abb227609c9cf7578a1043"}
[...]
":14},"end":{"line":86,"column":16}},"14":{"start":{"line":92,"column":14},"end":{"line":94,"column":16}},"15":{"start":{"line":100,"column":14},"end":{"line":102,"column":16}},"16":{"start":{"line":108,"column":14},"end":{"line":110,"column":16}},"17":{"start":{"line":116,"column":14},"end":{"line":118,"column":16}},"18":{"start":{"line":124,"column":14},"end":{"line":126,"column":16}},"19":{"start":{"line":143,"column":15},"end":{"line":160,"column":2}}},"fnMap":{"0":{"name":"PaperScreen","decl":{"start":{"line":10,"column":9},"end":{"line":10,"column":20}},"loc":{"start":{"line":10,"column":37},"end":{"line":141,"column":1}},"line":10},"1":{"name":"(anonymous_1)","decl":{"start":{"line":11,"column":32},"end":{"line":11,"column":33}},"loc":{"start":{"line":11,"column":38},"end":{"line":14,"column":3}},"line":11},"2":{"name":"(anonymous_2)","decl":{"start":{"line":15,"column":12},"end":{"line":15,"column":13}},"loc":{"start":{"line":15,"column":18},"end":{"line":23,"column":3}},"line":15},"3":{"name":"(anonymous_3)","decl":{"start":{"line":17,"column":11},"end":{"line":17,"column":12}},"loc":{"start":{"line":17,"column":17},"end":{"line":22,"column":5}},"line":17},"4":{"name":"(anonymous_4)","decl":{"start":{"line":35,"column":21},"end":{"line":35,"column":22}},"loc":{"start":{"line":36,"column":14},"end":{"line":38,"column":16}},"line":36},"5":{"name":"(anonymous_5)","decl":{"start":{"line":43,"column":21},"end":{"line":43,"column":22}},"loc":{"start":{"line":44,"column":14},"end":{"line":46,"column":16}},"line":44},"6":{"name":"(anonymous_6)","decl":{"start":{"line":51,"column":21},"end":{"line":51,"column":22}},"loc":{"start":{"line":52,"column":14},"end":{"line":54,"column":16}},"line":52},"7":{"name":"(anonymous_7)","decl":{"start":{"line":67,"column":21},"end":{"line":67,"column":22}},"loc":{"start":{"line":68,"column":14},"end":{"line":70,"column":16}},"line":68},"8":{"name":"(anonymous_8)","decl":{"start":{"line":75,"column":21},"end":{"line":75,"column":22}},"loc":{"start":{"line":76,"column":14},"end":{"line":78,"column":16}},"line":76},"9":{"name":"(anonymous_9)","decl":{"start":{"line":83,"column":21},"end":{"line":83,"column":22}},"loc":{"start":{"line":84,"column":14},"end":{"line":86,"column":16}},"line":84},"10":{"name":"(anonymous_10)","decl":{"start":{"line":91,"column":21},"end":{"line":91,"column":22}},"loc":{"start":{"line":92,"column":14},"end":{"line":94,"column":16}},"line":92},"11":{"name":"(anonymous_11)","decl":{"start":{"line":99,"column":21},"end":{"line":99,"column":22}},"loc":{"start":{"line":100,"column":14},"end":{"line":102,"column":16}},"line":100},"12":{"name":"(anonymous_12)","decl":{"start":{"line":107,"column":21},"end":{"line":107,"column":22}},"loc":{"start":{"line":108,"column":14},"end":{"line":110,"column":16}},"line":108},"13":{"name":"(anonymous_13)","decl":{"start":{"line":115,"column":21},"end":{"line":115,"column":22}},"loc":{"start":{"line":116,"column":14},"end":{"line":118,"column":16}},"line":116},"14":{"name":"(anonymous_14)","decl":{"start":{"line":123,"column":21},"end":{"line":123,"column":22}},"loc":{"start":{"line":124,"column":14},"end":{"line":126,"column":16}},"line":124}},"branchMap":{},"s":{"0":0,"1":0,"2":0,"3":0,"4":0,"5":0,"6":0,"7":0,"8":0,"9":0,"10":0,"11":0,"12":0,"13":0,"14":0,"15":0,"16":0,"17":0,"18":0,"19":2},"f":{"0":0,"1":0,"2":0,"3":0,"4":0,"5":0,"6":0,"7":0,"8":0,"9":0,"10":0,"11":0,"12":0,"13":0,"14":0},"b":{},"_coverageSchema":"1a1c01bbd47fc00a2c39e90264f33305004495a9","hash":"340f4586c1a33ba0e660ac3dca2153d3c83eb08e"}
,"C:\\Users\\19194\\Documents\\GitHub\\RecycleHelper\\app\\screens\\SubCategoryScreens\\PlasticScreen.js": {"path":"C:\\Users\\19194\\Documents\\GitHub\\RecycleHelper\\app\\screens\\SubCategoryScreens\\PlasticScreen.js","statementMap":{"0":{"start":{"line":11,"column":32},"end":{"line":14,"column":3}},"1":{"start":{"line":12,"column":4},"end":{"line":12,"column":44}},"2":{"start":{"line":13,"column":4},"end":{"line":13,"column":16}},"3":{"start":{"line":15,"column":2},"end":{"line":23,"column":9}},"4":{"start":{"line":16,"column":4},"end":{"line":16,"column":77}},"5":{"start":{"line":17,"column":4},"end":{"line":22,"column":6}},"6":{"start":{"line":18,"column":6},"end":{"line":21,"column":8}},"7":{"start":{"line":24,"column":2},"end":{"line":84,"column":4}},"8":{"start":{"line":36,"column":14},"end":{"line":38,"column":16}},"9":{"start":{"line":44,"column":14},"end":{"line":46,"column":16}},"10":{"start":{"line":52,"column":14},"end":{"line":54,"column":16}},"11":{"start":{"line":60,"column":14},"end":{"line":62,"column":16}},"12":{"start":{"line":68,"column":14},"end":{"line":70,"column":16}},"13":{"start":{"line":76,"column":14},"end":{"line":78,"column":16}},"14":{"start":{"line":87,"column":15},"end":{"line":103,"column":2}}},"fnMap":{"0":{"name":"PlasticScreen","decl":{"start":{"line":10,"column":9},"end":{"line":10,"column":22}},"loc":{"start":{"line":10,"column":39},"end":{"line":85,"column":1}},"line":10},"1":{"name":"(anonymous_1)","decl":{"start":{"line":11,"column":32},"end":{"line":11,"column":33}},"loc":{"start":{"line":11,"column":38},"end":{"line":14,"column":3}},"line":11},"2":{"name":"(anonymous_2)","decl":{"start":{"line":15,"column":12},"end":{"line":15,"column":13}},"loc":{"start":{"line":15,"column":18},"end":{"line":23,"column":3}},"line":15},"3":{"name":"(anonymous_3)","decl":{"start":{"line":17,"column":11},"end":{"line":17,"column":12}},"loc":{"start":{"line":17,"column":17},"end":{"line":22,"column":5}},"line":17},"4":{"name":"(anonymous_4)","decl":{"start":{"line":35,"column":21},"end":{"line":35,"column":22}},"loc":{"start":{"line":36,"column":14},"end":{"line":38,"column":16}},"line":36},"5":{"name":"(anonymous_5)","decl":{"start":{"line":43,"column":21},"end":{"line":43,"column":22}},"loc":{"start":{"line":44,"column":14},"end":{"line":46,"column":16}},"line":44},"6":{"name":"(anonymous_6)","decl":{"start":{"line":51,"column":21},"end":{"line":51,"column":22}},"loc":{"start":{"line":52,"column":14},"end":{"line":54,"column":16}},"line":52},"7":{"name":"(anonymous_7)","decl":{"start":{"line":59,"column":21},"end":{"line":59,"column":22}},"loc":{"start":{"line":60,"column":14},"end":{"line":62,"column":16}},"line":60},"8":{"name":"(anonymous_8)","decl":{"start":{"line":67,"column":21},"end":{"line":67,"column":22}},"loc":{"start":{"line":68,"column":14},"end":{"line":70,"column":16}},"line":68},"9":{"name":"(anonymous_9)","decl":{"start":{"line":75,"column":21},"end":{"line":75,"column":22}},"loc":{"start":{"line":76,"column":14},"end":{"line":78,"column":16}},"line":76}},"branchMap":{},"s":{"0":8,"1":0,"2":0,"3":8,"4":8,"5":8,"6":6,"7":8,"8":1,"9":1,"10":1,"11":1,"12":1,"13":1,"14":3},"f":{"0":8,"1":0,"2":8,"3":6,"4":1,"5":1,"6":1,"7":1,"8":1,"9":1},"b":{},"_coverageSchema":"1a1c01bbd47fc00a2c39e90264f33305004495a9","hash":"88b1b7be143a8779617c8b013c2dae4066c3ec02"}
,"C:\\Users\\19194\\Documents\\GitHub\\RecycleHelper\\app\\utility\\fetchInstructions.js": {"path":"C:\\Users\\19194\\Documents\\GitHub\\RecycleHelper\\app\\utility\\fetchInstructions.js","statementMap":{"0":{"start":{"line":6,"column":4},"end":{"line":6,"column":43}},"1":{"start":{"line":9,"column":4},"end":{"line":9,"column":32}},"2":{"start":{"line":13,"column":31},"end":{"line":18,"column":1}},"3":{"start":{"line":15,"column":17},"end":{"line":15,"column":39}},"4":{"start":{"line":16,"column":4},"end":{"line":16,"column":47}},"5":{"start":{"line":20,"column":11},"end":{"line":20,"column":25}},"6":{"start":{"line":23,"column":17},"end":{"line":27,"column":41}},"7":{"start":{"line":28,"column":18},"end":{"line":28,"column":38}},"8":{"start":{"line":29,"column":2},"end":{"line":35,"column":3}},"9":{"start":{"line":30,"column":25},"end":{"line":30,"column":39}},"10":{"start":{"line":31,"column":23},"end":{"line":31,"column":51}},"11":{"start":{"line":32,"column":4},"end":{"line":32,"column":22}},"12":{"start":{"line":34,"column":4},"end":{"line":34,"column":37}}},"fnMap":{"0":{"name":"(anonymous_0)","decl":{"start":{"line":5,"column":2},"end":{"line":5,"column":3}},"loc":{"start":{"line":5,"column":31},"end":{"line":7,"column":3}},"line":5},"1":{"name":"(anonymous_1)","decl":{"start":{"line":8,"column":2},"end":{"line":8,"column":3}},"loc":{"start":{"line":8,"column":13},"end":{"line":10,"column":3}},"line":8},"2":{"name":"(anonymous_2)","decl":{"start":{"line":14,"column":17},"end":{"line":14,"column":18}},"loc":{"start":{"line":14,"column":40},"end":{"line":17,"column":3}},"line":14},"3":{"name":"getDocumentFromFirestore","decl":{"start":{"line":22,"column":15},"end":{"line":22,"column":39}},"loc":{"start":{"line":22,"column":52},"end":{"line":36,"column":1}},"line":22}},"branchMap":{"0":{"loc":{"start":{"line":29,"column":2},"end":{"line":35,"column":3}},"type":"if","locations":[{"start":{"line":29,"column":2},"end":{"line":35,"column":3}},{"start":{"line":33,"column":9},"end":{"line":35,"column":3}}],"line":29}},"s":{"0":0,"1":0,"2":2,"3":0,"4":0,"5":2,"6":0,"7":0,"8":0,"9":0,"10":0,"11":0,"12":0},"f":{"0":0,"1":0,"2":0,"3":0},"b":{"0":[0,0]},"_coverageSchema":"1a1c01bbd47fc00a2c39e90264f33305004495a9","hash":"d7f597fa5dea1552f1374655c394701a7871845e"}
,"C:\\Users\\19194\\Documents\\GitHub\\RecycleHelper\\app\\utility\\fetchNewInstructions.js": {"path":"C:\\Users\\19194\\Documents\\GitHub\\RecycleHelper\\app\\utility\\fetchNewInstructions.js","statementMap":{"0":{"start":{"line":6,"column":4},"end":{"line":6,"column":43}},"1":{"start":{"line":7,"column":4},"end":{"line":7,"column":21}},"2":{"start":{"line":10,"column":4},"end":{"line":10,"column":51}},"3":{"start":{"line":14,"column":31},"end":{"line":19,"column":1}},"4":{"start":{"line":16,"column":17},"end":{"line":16,"column":39}},"5":{"start":{"line":17,"column":4},"end":{"line":17,"column":58}},"6":{"start":{"line":21,"column":11},"end":{"line":21,"column":25}},"7":{"start":{"line":24,"column":17},"end":{"line":28,"column":41}},"8":{"start":{"line":29,"column":18},"end":{"line":29,"column":38}},"9":{"start":{"line":30,"column":2},"end":{"line":39,"column":3}},"10":{"start":{"line":31,"column":25},"end":{"line":31,"column":39}},"11":{"start":{"line":32,"column":23},"end":{"line":32,"column":51}},"12":{"start":{"line":36,"column":4},"end":{"line":36,"column":24}},"13":{"start":{"line":38,"column":4},"end":{"line":38,"column":37}}},"fnMap":{"0":{"name":"(anonymous_0)","decl":{"start":{"line":5,"column":2},"end":{"line":5,"column":3}},"loc":{"start":{"line":5,"column":37},"end":{"line":8,"column":3}},"line":5},"1":{"name":"(anonymous_1)","decl":{"start":{"line":9,"column":2},"end":{"line":9,"column":3}},"loc":{"start":{"line":9,"column":13},"end":{"line":11,"column":3}},"line":9},"2":{"name":"(anonymous_2)","decl":{"start":{"line":15,"column":17},"end":{"line":15,"column":18}},"loc":{"start":{"line":15,"column":40},"end":{"line":18,"column":3}},"line":15},"3":{"name":"getDocumentFromFirestore","decl":{"start":{"line":23,"column":15},"end":{"line":23,"column":39}},"loc":{"start":{"line":23,"column":52},"end":{"line":40,"column":1}},"line":23}},"branchMap":{"0":{"loc":{"start":{"line":30,"column":2},"end":{"line":39,"column":3}},"type":"if","locations":[{"start":{"line":30,"column":2},"end":{"line":39,"column":3}},{"start":{"line":37,"column":9},"end":{"line":39,"column":3}}],"line":30}},"s":{"0":0,"1":0,"2":0,"3":2,"4":0,"5":0,"6":2,"7":0,"8":0,"9":0,"10":0,"11":0,"12":0,"13":0},"f":{"0":0,"1":0,"2":0,"3":0},"b":{"0":[0,0]},"_coverageSchema":"1a1c01bbd47fc00a2c39e90264f33305004495a9","hash":"1b6c782e5ba0e1f0df624d2b9f5ef7ff2454bce1"}
,"C:\\Users\\19194\\Documents\\GitHub\\RecycleHelper\\app\\utility\\fetchUserGoalData.js": {"path":"C:\\Users\\19194\\Documents\\GitHub\\RecycleHelper\\app\\utility\\fetchUserGoalData.js","statementMap":{"0":{"start":{"line":6,"column":26},"end":{"line":84,"column":1}},"1":{"start":{"line":8,"column":18},"end":{"line":8,"column":20}},"2":{"start":{"line":9,"column":17},"end":{"line":9,"column":19}},"3":{"start":{"line":10,"column":18},"end":{"line":10,"column":20}},"4":{"start":{"line":11,"column":26},"end":{"line":11,"column":28}},"5":{"start":{"line":12,"column":17},"end":{"line":12,"column":19}},"6":{"start":{"line":13,"column":19},"end":{"line":13,"column":20}},"7":{"start":{"line":14,"column":27},"end":{"line":14,"column":28}},"8":{"start":{"line":15,"column":26},"end":{"line":15,"column":27}},"9":{"start":{"line":16,"column":34},"end":{"line":16,"column":35}},"10":{"start":{"line":17,"column":19},"end":{"line":17,"column":20}},"11":{"start":{"line":18,"column":20},"end":{"line":18,"column":21}},"12":{"start":{"line":20,"column":2},"end":{"line":40,"column":3}},"13":{"start":{"line":21,"column":22},"end":{"line":21,"column":77}},"14":{"start":{"line":23,"column":4},"end":{"line":23,"column":36}},"15":{"start":{"line":24,"column":4},"end":{"line":24,"column":30}},"16":{"start":{"line":26,"column":4},"end":{"line":26,"column":32}},"17":{"start":{"line":27,"column":4},"end":{"line":27,"column":50}},"18":{"start":{"line":28,"column":4},"end":{"line":28,"column":30}},"19":{"start":{"line":39,"column":4},"end":{"line":39,"column":40}},"20":{"start":{"line":42,"column":16},"end":{"line":42,"column":26}},"21":{"start":{"line":43,"column":22},"end":{"line":43,"column":41}},"22":{"start":{"line":44,"column":23},"end":{"line":44,"column":43}},"23":{"start":{"line":45,"column":16},"end":{"line":45,"column":46}},"24":{"start":{"line":46,"column":2},"end":{"line":52,"column":3}},"25":{"start":{"line":47,"column":19},"end":{"line":47,"column":40}},"26":{"start":{"line":48,"column":4},"end":{"line":51,"column":5}},"27":{"start":{"line":49,"column":6},"end":{"line":49,"column":80}},"28":{"start":{"line":50,"column":6},"end":{"line":50,"column":56}},"29":{"start":{"line":53,"column":20},"end":{"line":53,"column":41}},"30":{"start":{"line":54,"column":2},"end":{"line":60,"column":3}},"31":{"start":{"line":55,"column":23},"end":{"line":55,"column":48}},"32":{"start":{"line":56,"column":4},"end":{"line":59,"column":5}},"33":{"start":{"line":57,"column":6},"end":{"line":57,"column":44}},"34":{"start":{"line":58,"column":6},"end":{"line":58,"column":42}},"35":{"start":{"line":61,"column":2},"end":{"line":61,"column":47}},"36":{"start":{"line":62,"column":2},"end":{"line":62,"column":71}},"37":{"start":{"line":73,"column":2},"end":{"line":83,"column":4}}},"fnMap":{"0":{"name":"(anonymous_0)","decl":{"start":{"line":6,"column":26},"end":{"line":6,"column":27}},"loc":{"start":{"line":6,"column":44},"end":{"line":84,"column":1}},"line":6}},"branchMap":{"0":{"loc":{"start":{"line":46,"column":2},"end":{"line":52,"column":3}},"type":"if","locations":[{"start":{"line":46,"column":2},"end":{"line":52,"column":3}},{"start":{},"end":{}}],"line":46},"1":{"loc":{"start":{"line":48,"column":4},"end":{"line":51,"column":5}},"type":"if","locations":[{"start":{"line":48,"column":4},"end":{"line":51,"column":5}},{"start":{},"end":{}}],"line":48},"2":{"loc":{"start":{"line":54,"column":2},"end":{"line":60,"column":3}},"type":"if","locations":[{"start":{"line":54,"column":2},"end":{"line":60,"column":3}},{"start":{},"end":{}}],"line":54},"3":{"loc":{"start":{"line":56,"column":4},"end":{"line":59,"column":5}},"type":"if","locations":[{"start":{"line":56,"column":4},"end":{"line":59,"column":5}},{"start":{},"end":{}}],"line":56}},"s":{"0":2,"1":0,"2":0,"3":0,"4":0,"5":0,"6":0,"7":0,"8":0,"9":0,"10":0,"11":0,"12":0,"13":0,"14":0,"15":0,"16":0,"17":0,"18":0,"19":0,"20":0,"21":0,"22":0,"23":0,"24":0,"25":0,"26":0,"27":0,"28":0,"29":0,"30":0,"31":0,"32":0,"33":0,"34":0,"35":0,"36":0,"37":0},"f":{"0":0},"b":{"0":[0,0],"1":[0,0],"2":[0,0],"3":[0,0]},"_coverageSchema":"1a1c01bbd47fc00a2c39e90264f33305004495a9","hash":"edd9eda64629033ffdd34b91aa8a7c4bc42ef37f"}
,"C:\\Users\\19194\\Documents\\GitHub\\RecycleHelper\\app\\utility\\fetchUserProfile.js": {"path":"C:\\Users\\19194\\Documents\\GitHub\\RecycleHelper\\app\\utility\\fetchUserProfile.js","statementMap":{"0":{"start":{"line":6,"column":4},"end":{"line":6,"column":21}},"1":{"start":{"line":7,"column":4},"end":{"line":7,"column":23}},"2":{"start":{"line":8,"column":4},"end":{"line":8,"column":43}},"3":{"start":{"line":9,"column":4},"end":{"line":9,"column":31}},"4":{"start":{"line":10,"column":4},"end":{"line":10,"column":21}},"5":{"start":{"line":13,"column":4},"end":{"line":23,"column":6}},"6":{"start":{"line":27,"column":31},"end":{"line":38,"column":1}},"7":{"start":{"line":29,"column":17},"end":{"line":29,"column":39}},"8":{"start":{"line":30,"column":4},"end":{"line":36,"column":6}},"9":{"start":{"line":40,"column":11},"end":{"line":40,"column":25}},"10":{"start":{"line":43,"column":17},"end":{"line":45,"column":3}},"11":{"start":{"line":46,"column":18},"end":{"line":46,"column":38}},"12":{"start":{"line":47,"column":2},"end":{"line":61,"column":3}},"13":{"start":{"line":48,"column":24},"end":{"line":48,"column":38}},"14":{"start":{"line":58,"column":4},"end":{"line":58,"column":23}},"15":{"start":{"line":60,"column":4},"end":{"line":60,"column":37}}},"fnMap":{"0":{"name":"(anonymous_0)","decl":{"start":{"line":5,"column":2},"end":{"line":5,"column":3}},"loc":{"start":{"line":5,"column":61},"end":{"line":11,"column":3}},"line":5},"1":{"name":"(anonymous_1)","decl":{"start":{"line":12,"column":2},"end":{"line":12,"column":3}},"loc":{"start":{"line":12,"column":13},"end":{"line":24,"column":3}},"line":12},"2":{"name":"(anonymous_2)","decl":{"start":{"line":28,"column":17},"end":{"line":28,"column":18}},"loc":{"start":{"line":28,"column":40},"end":{"line":37,"column":3}},"line":28},"3":{"name":"getDocumentFromFirestore","decl":{"start":{"line":42,"column":15},"end":{"line":42,"column":39}},"loc":{"start":{"line":42,"column":49},"end":{"line":62,"column":1}},"line":42}},"branchMap":{"0":{"loc":{"start":{"line":47,"column":2},"end":{"line":61,"column":3}},"type":"if","locations":[{"start":{"line":47,"column":2},"end":{"line":61,"column":3}},{"start":{"line":59,"column":9},"end":{"line":61,"column":3}}],"line":47}},"s":{"0":0,"1":0,"2":0,"3":0,"4":0,"5":0,"6":2,"7":0,"8":0,"9":2,"10":0,"11":0,"12":0,"13":0,"14":0,"15":0},"f":{"0":0,"1":0,"2":0,"3":0},"b":{"0":[0,0]},"_coverageSchema":"1a1c01bbd47fc00a2c39e90264f33305004495a9","hash":"b6d5cefa5bb961fe72f3f66e3d9e68e811543999"}
,"C:\\Users\\19194\\Documents\\GitHub\\RecycleHelper\\functions\\.eslintrc.js": {"path":"C:\\Users\\19194\\Documents\\GitHub\\RecycleHelper\\functions\\.eslintrc.js","statementMap":{"0":{"start":{"line":1,"column":0},"end":{"line":14,"column":2}}},"fnMap":{},"branchMap":{},"s":{"0":0},"f":{},"b":{}}
,"C:\\Users\\19194\\Documents\\GitHub\\RecycleHelper\\functions\\index.js": {"path":"C:\\Users\\19194\\Documents\\GitHub\\RecycleHelper\\functions\\index.js","statementMap":{"0":{"start":{"line":1,"column":18},"end":{"line":1,"column":47}},"1":{"start":{"line":10,"column":0},"end":{"line":25,"column":3}},"2":{"start":{"line":11,"column":20},"end":{"line":11,"column":30}},"3":{"start":{"line":12,"column":2},"end":{"line":16,"column":3}},"4":{"start":{"line":14,"column":4},"end":{"line":15,"column":25}},"5":{"start":{"line":17,"column":2},"end":{"line":20,"column":3}},"6":{"start":{"line":18,"column":4},"end":{"line":19,"column":22}},"7":{"start":{"line":22,"column":2},"end":{"line":24,"column":4}}},"fnMap":{"0":{"name":"(anonymous_0)","decl":{"start":{"line":10,"column":47},"end":{"line":10,"column":48}},"loc":{"start":{"line":10,"column":66},"end":{"line":25,"column":1}},"line":10}},"branchMap":{"0":{"loc":{"start":{"line":12,"column":2},"end":{"line":16,"column":3}},"type":"if","locations":[{"start":{"line":12,"column":2},"end":{"line":16,"column":3}},{"start":{},"end":{}}],"line":12},"1":{"loc":{"start":{"line":17,"column":2},"end":{"line":20,"column":3}},"type":"if","locations":[{"start":{"line":17,"column":2},"end":{"line":20,"column":3}},{"start":{},"end":{}}],"line":17}},"s":{"0":0,"1":0,"2":0,"3":0,"4":0,"5":0,"6":0,"7":0},"f":{"0":0},"b":{"0":[0,0],"1":[0,0]}}
}
