{"total": {"lines":{"total":1118,"covered":111,"skipped":0,"pct":9.92},"statements":{"total":1120,"covered":112,"skipped":0,"pct":10},"functions":{"total":317,"covered":22,"skipped":0,"pct":6.94},"branches":{"total":252,"covered":20,"skipped":0,"pct":7.93},"branchesTrue":{"total":0,"covered":0,"skipped":0,"pct":100}}
,"C:\\Users\\19194\\Documents\\GitHub\\RecycleHelper\\App.js": {"lines":{"total":2,"covered":2,"skipped":0,"pct":100},"functions":{"total":1,"covered":1,"skipped":0,"pct":100},"statements":{"total":2,"covered":2,"skipped":0,"pct":100},"branches":{"total":0,"covered":0,"skipped":0,"pct":100}}
,"C:\\Users\\19194\\Documents\\GitHub\\RecycleHelper\\app\\components\\ActivityIndicator.js": {"lines":{"total":3,"covered":3,"skipped":0,"pct":100},"functions":{"total":1,"covered":1,"skipped":0,"pct":100},"statements":{"total":4,"covered":4,"skipped":0,"pct":100},"branches":{"total":3,"covered":2,"skipped":0,"pct":66.66}}
,"C:\\Users\\19194\\Documents\\GitHub\\RecycleHelper\\app\\components\\AppButton.js": {"lines":{"total":2,"covered":2,"skipped":0,"pct":100},"functions":{"total":1,"covered":1,"skipped":0,"pct":100},"statements":{"total":2,"covered":2,"skipped":0,"pct":100},"branches":{"total":4,"covered":4,"skipped":0,"pct":100}}
,"C:\\Users\\19194\\Documents\\GitHub\\RecycleHelper\\app\\components\\AppInputField.js": {"lines":{"total":2,"covered":2,"skipped":0,"pct":100},"functions":{"total":1,"covered":1,"skipped":0,"pct":100},"statements":{"total":2,"covered":2,"skipped":0,"pct":100},"branches":{"total":4,"covered":2,"skipped":0,"pct":50}}
,"C:\\Users\\19194\\Documents\\GitHub\\RecycleHelper\\app\\components\\CheckBox.js": {"lines":{"total":4,"covered":3,"skipped":0,"pct":75},"functions":{"total":2,"covered":1,"skipped":0,"pct":50},"statements":{"total":4,"covered":3,"skipped":0,"pct":75},"branches":{"total":4,"covered":2,"skipped":0,"pct":50}}
,"C:\\Users\\19194\\Documents\\GitHub\\RecycleHelper\\app\\components\\ErrorMessage.js": {"lines":{"total":5,"covered":5,"skipped":0,"pct":100},"functions":{"total":1,"covered":1,"skipped":0,"pct":100},"statements":{"total":5,"covered":5,"skipped":0,"pct":100},"branches":{"total":4,"covered":4,"skipped":0,"pct":100}}
,"C:\\Users\\19194\\Documents\\GitHub\\RecycleHelper\\app\\components\\ListItemSeparator.js": {"lines":{"total":2,"covered":2,"skipped":0,"pct":100},"functions":{"total":1,"covered":1,"skipped":0,"pct":100},"statements":{"total":2,"covered":2,"skipped":0,"pct":100},"branches":{"total":0,"covered":0,"skipped":0,"pct":100}}
,"C:\\Users\\19194\\Documents\\GitHub\\RecycleHelper\\app\\components\\Screen.js": {"lines":{"total":2,"covered":2,"skipped":0,"pct":100},"functions":{"total":1,"covered":1,"skipped":0,"pct":100},"statements":{"total":2,"covered":2,"skipped":0,"pct":100},"branches":{"total":0,"covered":0,"skipped":0,"pct":100}}
,"C:\\Users\\19194\\Documents\\GitHub\\RecycleHelper\\app\\components\\UpdatePasswordComponent.js": {"lines":{"total":2,"covered":2,"skipped":0,"pct":100},"functions":{"total":1,"covered":1,"skipped":0,"pct":100},"statements":{"total":2,"covered":2,"skipped":0,"pct":100},"branches":{"total":4,"covered":2,"skipped":0,"pct":50}}
,"C:\\Users\\19194\\Documents\\GitHub\\RecycleHelper\\app\\config\\Styles.js": {"lines":{"total":0,"covered":0,"skipped":0,"pct":100},"functions":{"total":0,"covered":0,"skipped":0,"pct":100},"statements":{"total":0,"covered":0,"skipped":0,"pct":100},"branches":{"total":4,"covered":2,"skipped":0,"pct":50}}
,"C:\\Users\\19194\\Documents\\GitHub\\RecycleHelper\\app\\config\\Weblinks.js": {"lines":{"total":0,"covered":0,"skipped":0,"pct":100},"functions":{"total":0,"covered":0,"skipped":0,"pct":100},"statements":{"total":0,"covered":0,"skipped":0,"pct":100},"branches":{"total":0,"covered":0,"skipped":0,"pct":100}}
,"C:\\Users\\19194\\Documents\\GitHub\\RecycleHelper\\app\\config\\colors.js": {"lines":{"total":0,"covered":0,"skipped":0,"pct":100},"functions":{"total":0,"covered":0,"skipped":0,"pct":100},"statements":{"total":0,"covered":0,"skipped":0,"pct":100},"branches":{"total":0,"covered":0,"skipped":0,"pct":100}}
,"C:\\Users\\19194\\Documents\\GitHub\\RecycleHelper\\app\\config\\firebase.js": {"lines":{"total":3,"covered":3,"skipped":0,"pct":100},"functions":{"total":0,"covered":0,"skipped":0,"pct":100},"statements":{"total":3,"covered":3,"skipped":0,"pct":100},"branches":{"total":0,"covered":0,"skipped":0,"pct":100}}
,"C:\\Users\\19194\\Documents\\GitHub\\RecycleHelper\\app\\config\\quotes.js": {"lines":{"total":8,"covered":8,"skipped":0,"pct":100},"functions":{"total":1,"covered":1,"skipped":0,"pct":100},"statements":{"total":8,"covered":8,"skipped":0,"pct":100},"branches":{"total":0,"covered":0,"skipped":0,"pct":100}}
,"C:\\Users\\19194\\Documents\\GitHub\\RecycleHelper\\app\\hooks\\usefetchDailyRecycleData.js": {"lines":{"total":60,"covered":1,"skipped":0,"pct":1.66},"functions":{"total":7,"covered":0,"skipped":0,"pct":0},"statements":{"total":60,"covered":1,"skipped":0,"pct":1.66},"branches":{"total":12,"covered":0,"skipped":0,"pct":0}}
,"C:\\Users\\19194\\Documents\\GitHub\\RecycleHelper\\app\\hooks\\usefetchMonthlyRecycleData.js": {"lines":{"total":66,"covered":1,"skipped":0,"pct":1.51},"functions":{"total":7,"covered":0,"skipped":0,"pct":0},"statements":{"total":66,"covered":1,"skipped":0,"pct":1.51},"branches":{"total":15,"covered":0,"skipped":0,"pct":0}}
,"C:\\Users\\19194\\Documents\\GitHub\\RecycleHelper\\app\\hooks\\usefetchUserGoalData.js": {"lines":{"total":51,"covered":1,"skipped":0,"pct":1.96},"functions":{"total":7,"covered":0,"skipped":0,"pct":0},"statements":{"total":51,"covered":1,"skipped":0,"pct":1.96},"branches":{"total":13,"covered":0,"skipped":0,"pct":0}}
,"C:\\Users\\19194\\Documents\\GitHub\\RecycleHelper\\app\\hooks\\usefetchYearlyRecycleData.js": {"lines":{"total":60,"covered":1,"skipped":0,"pct":1.66},"functions":{"total":7,"covered":0,"skipped":0,"pct":0},"statements":{"total":60,"covered":1,"skipped":0,"pct":1.66},"branches":{"total":24,"covered":0,"skipped":0,"pct":0}}
,"C:\\Users\\19194\\Documents\\GitHub\\RecycleHelper\\app\\navigation\\AuthStack.js": {"lines":{"total":2,"covered":2,"skipped":0,"pct":100},"functions":{"total":1,"covered":1,"skipped":0,"pct":100},"statements":{"total":2,"covered":2,"skipped":0,"pct":100},"branches":{"total":0,"covered":0,"skipped":0,"pct":100}}
,"C:\\Users\\19194\\Documents\\GitHub\\RecycleHelper\\app\\navigation\\AuthenticatedUserProvider.js": {"lines":{"total":4,"covered":4,"skipped":0,"pct":100},"functions":{"total":1,"covered":1,"skipped":0,"pct":100},"statements":{"total":4,"covered":4,"skipped":0,"pct":100},"branches":{"total":0,"covered":0,"skipped":0,"pct":100}}
,"C:\\Users\\19194\\Documents\\GitHub\\RecycleHelper\\app\\navigation\\HomeStack.js": {"lines":{"total":2,"covered":1,"skipped":0,"pct":50},"functions":{"total":1,"covered":0,"skipped":0,"pct":0},"statements":{"total":2,"covered":1,"skipped":0,"pct":50},"branches":{"total":0,"covered":0,"skipped":0,"pct":100}}
,"C:\\Users\\19194\\Documents\\GitHub\\RecycleHelper\\app\\navigation\\ReportStack.js": {"lines":{"total":7,"covered":3,"skipped":0,"pct":42.85},"functions":{"total":4,"covered":0,"skipped":0,"pct":0},"statements":{"total":7,"covered":3,"skipped":0,"pct":42.85},"branches":{"total":0,"covered":0,"skipped":0,"pct":100}}
,"C:\\Users\\19194\\Documents\\GitHub\\RecycleHelper\\app\\navigation\\RootNavigator.js": {"lines":{"total":9,"covered":8,"skipped":0,"pct":88.88},"functions":{"total":3,"covered":3,"skipped":0,"pct":100},"statements":{"total":9,"covered":8,"skipped":0,"pct":88.88},"branches":{"total":4,"covered":2,"skipped":0,"pct":50}}
,"C:\\Users\\19194\\Documents\\GitHub\\RecycleHelper\\app\\navigation\\WelcomeStack.js": {"lines":{"total":0,"covered":0,"skipped":0,"pct":100},"functions":{"total":0,"covered":0,"skipped":0,"pct":100},"statements":{"total":0,"covered":0,"skipped":0,"pct":100},"branches":{"total":0,"covered":0,"skipped":0,"pct":100}}
,"C:\\Users\\19194\\Documents\\GitHub\\RecycleHelper\\app\\navigation\\index.js": {"lines":{"total":1,"covered":1,"skipped":0,"pct":100},"functions":{"total":1,"covered":1,"skipped":0,"pct":100},"statements":{"total":1,"covered":1,"skipped":0,"pct":100},"branches":{"total":0,"covered":0,"skipped":0,"pct":100}}
,"C:\\Users\\19194\\Documents\\GitHub\\RecycleHelper\\app\\screens\\CongratulationsScreen.js": {"lines":{"total":11,"covered":7,"skipped":0,"pct":63.63},"functions":{"total":5,"covered":2,"skipped":0,"pct":40},"statements":{"total":11,"covered":7,"skipped":0,"pct":63.63},"branches":{"total":0,"covered":0,"skipped":0,"pct":100}}
,"C:\\Users\\19194\\Documents\\GitHub\\RecycleHelper\\app\\screens\\HomeScreen.js": {"lines":{"total":22,"covered":2,"skipped":0,"pct":9.09},"functions":{"total":8,"covered":0,"skipped":0,"pct":0},"statements":{"total":22,"covered":2,"skipped":0,"pct":9.09},"branches":{"total":2,"covered":0,"skipped":0,"pct":0}}
,"C:\\Users\\19194\\Documents\\GitHub\\RecycleHelper\\app\\screens\\InstructionsScreen.js": {"lines":{"total":73,"covered":1,"skipped":0,"pct":1.36},"functions":{"total":23,"covered":0,"skipped":0,"pct":0},"statements":{"total":74,"covered":1,"skipped":0,"pct":1.35},"branches":{"total":24,"covered":0,"skipped":0,"pct":0}}
,"C:\\Users\\19194\\Documents\\GitHub\\RecycleHelper\\app\\screens\\LoginScreen.js": {"lines":{"total":29,"covered":2,"skipped":0,"pct":6.89},"functions":{"total":8,"covered":0,"skipped":0,"pct":0},"statements":{"total":29,"covered":2,"skipped":0,"pct":6.89},"branches":{"total":14,"covered":0,"skipped":0,"pct":0}}
,"C:\\Users\\19194\\Documents\\GitHub\\RecycleHelper\\app\\screens\\MainCategoryListScreen.js": {"lines":{"total":11,"covered":1,"skipped":0,"pct":9.09},"functions":{"total":10,"covered":0,"skipped":0,"pct":0},"statements":{"total":11,"covered":1,"skipped":0,"pct":9.09},"branches":{"total":0,"covered":0,"skipped":0,"pct":100}}
,"C:\\Users\\19194\\Documents\\GitHub\\RecycleHelper\\app\\screens\\MonthlyReportScreen.js": {"lines":{"total":24,"covered":1,"skipped":0,"pct":4.16},"functions":{"total":9,"covered":0,"skipped":0,"pct":0},"statements":{"total":24,"covered":1,"skipped":0,"pct":4.16},"branches":{"total":4,"covered":0,"skipped":0,"pct":0}}
,"C:\\Users\\19194\\Documents\\GitHub\\RecycleHelper\\app\\screens\\PredictionScreen.js": {"lines":{"total":18,"covered":1,"skipped":0,"pct":5.55},"functions":{"total":6,"covered":0,"skipped":0,"pct":0},"statements":{"total":18,"covered":1,"skipped":0,"pct":5.55},"branches":{"total":9,"covered":0,"skipped":0,"pct":0}}
,"C:\\Users\\19194\\Documents\\GitHub\\RecycleHelper\\app\\screens\\RecycleScreen.js": {"lines":{"total":36,"covered":1,"skipped":0,"pct":2.77},"functions":{"total":4,"covered":0,"skipped":0,"pct":0},"statements":{"total":36,"covered":1,"skipped":0,"pct":2.77},"branches":{"total":12,"covered":0,"skipped":0,"pct":0}}
,"C:\\Users\\19194\\Documents\\GitHub\\RecycleHelper\\app\\screens\\ReportScreen.js": {"lines":{"total":14,"covered":1,"skipped":0,"pct":7.14},"functions":{"total":4,"covered":0,"skipped":0,"pct":0},"statements":{"total":14,"covered":1,"skipped":0,"pct":7.14},"branches":{"total":4,"covered":0,"skipped":0,"pct":0}}
,"C:\\Users\\19194\\Documents\\GitHub\\RecycleHelper\\app\\screens\\SetUserGoalScreen.js": {"lines":{"total":50,"covered":1,"skipped":0,"pct":2},"functions":{"total":7,"covered":0,"skipped":0,"pct":0},"statements":{"total":50,"covered":1,"skipped":0,"pct":2},"branches":{"total":16,"covered":0,"skipped":0,"pct":0}}
,"C:\\Users\\19194\\Documents\\GitHub\\RecycleHelper\\app\\screens\\SignUpScreen.js": {"lines":{"total":48,"covered":2,"skipped":0,"pct":4.16},"functions":{"total":11,"covered":0,"skipped":0,"pct":0},"statements":{"total":48,"covered":2,"skipped":0,"pct":4.16},"branches":{"total":14,"covered":0,"skipped":0,"pct":0}}
,"C:\\Users\\19194\\Documents\\GitHub\\RecycleHelper\\app\\screens\\UpdateGoalScreen.js": {"lines":{"total":28,"covered":1,"skipped":0,"pct":3.57},"functions":{"total":3,"covered":0,"skipped":0,"pct":0},"statements":{"total":28,"covered":1,"skipped":0,"pct":3.57},"branches":{"total":10,"covered":0,"skipped":0,"pct":0}}
,"C:\\Users\\19194\\Documents\\GitHub\\RecycleHelper\\app\\screens\\UpdateProfileScreen.js": {"lines":{"total":78,"covered":2,"skipped":0,"pct":2.56},"functions":{"total":25,"covered":0,"skipped":0,"pct":0},"statements":{"total":78,"covered":2,"skipped":0,"pct":2.56},"branches":{"total":14,"covered":0,"skipped":0,"pct":0}}
,"C:\\Users\\19194\\Documents\\GitHub\\RecycleHelper\\app\\screens\\UploadScreen.js": {"lines":{"total":30,"covered":3,"skipped":0,"pct":10},"functions":{"total":5,"covered":0,"skipped":0,"pct":0},"statements":{"total":30,"covered":3,"skipped":0,"pct":10},"branches":{"total":0,"covered":0,"skipped":0,"pct":100}}
,"C:\\Users\\19194\\Documents\\GitHub\\RecycleHelper\\app\\screens\\UserProfileScreen.js": {"lines":{"total":62,"covered":1,"skipped":0,"pct":1.61},"functions":{"total":11,"covered":0,"skipped":0,"pct":0},"statements":{"total":62,"covered":1,"skipped":0,"pct":1.61},"branches":{"total":12,"covered":0,"skipped":0,"pct":0}}
,"C:\\Users\\19194\\Documents\\GitHub\\RecycleHelper\\app\\screens\\WelcomeScreen.js": {"lines":{"total":4,"covered":2,"skipped":0,"pct":50},"functions":{"total":3,"covered":1,"skipped":0,"pct":33.33},"statements":{"total":4,"covered":2,"skipped":0,"pct":50},"branches":{"total":0,"covered":0,"skipped":0,"pct":100}}
,"C:\\Users\\19194\\Documents\\GitHub\\RecycleHelper\\app\\screens\\YearlyReportScreen.js": {"lines":{"total":24,"covered":1,"skipped":0,"pct":4.16},"functions":{"total":9,"covered":0,"skipped":0,"pct":0},"statements":{"total":24,"covered":1,"skipped":0,"pct":4.16},"branches":{"total":4,"covered":0,"skipped":0,"pct":0}}
,"C:\\Users\\19194\\Documents\\GitHub\\RecycleHelper\\app\\screens\\checktrialsscreen.js": {"lines":{"total":25,"covered":1,"skipped":0,"pct":4},"functions":{"total":4,"covered":0,"skipped":0,"pct":0},"statements":{"total":25,"covered":1,"skipped":0,"pct":4},"branches":{"total":0,"covered":0,"skipped":0,"pct":100}}
,"C:\\Users\\19194\\Documents\\GitHub\\RecycleHelper\\app\\screens\\SubCategoryScreens\\AdditionalFluidScreen.js": {"lines":{"total":5,"covered":2,"skipped":0,"pct":40},"functions":{"total":4,"covered":1,"skipped":0,"pct":25},"statements":{"total":5,"covered":2,"skipped":0,"pct":40},"branches":{"total":0,"covered":0,"skipped":0,"pct":100}}
,"C:\\Users\\19194\\Documents\\GitHub\\RecycleHelper\\app\\screens\\SubCategoryScreens\\AutomotiveScreen.js": {"lines":{"total":13,"covered":6,"skipped":0,"pct":46.15},"functions":{"total":8,"covered":2,"skipped":0,"pct":25},"statements":{"total":13,"covered":6,"skipped":0,"pct":46.15},"branches":{"total":0,"covered":0,"skipped":0,"pct":100}}
,"C:\\Users\\19194\\Documents\\GitHub\\RecycleHelper\\app\\screens\\SubCategoryScreens\\ConstructionScreen.js": {"lines":{"total":11,"covered":1,"skipped":0,"pct":9.09},"functions":{"total":6,"covered":0,"skipped":0,"pct":0},"statements":{"total":11,"covered":1,"skipped":0,"pct":9.09},"branches":{"total":0,"covered":0,"skipped":0,"pct":100}}
,"C:\\Users\\19194\\Documents\\GitHub\\RecycleHelper\\app\\screens\\SubCategoryScreens\\ElectronicsScreen.js": {"lines":{"total":20,"covered":1,"skipped":0,"pct":5},"functions":{"total":15,"covered":0,"skipped":0,"pct":0},"statements":{"total":20,"covered":1,"skipped":0,"pct":5},"branches":{"total":0,"covered":0,"skipped":0,"pct":100}}
,"C:\\Users\\19194\\Documents\\GitHub\\RecycleHelper\\app\\screens\\SubCategoryScreens\\GlassScreen.js": {"lines":{"total":11,"covered":1,"skipped":0,"pct":9.09},"functions":{"total":6,"covered":0,"skipped":0,"pct":0},"statements":{"total":11,"covered":1,"skipped":0,"pct":9.09},"branches":{"total":0,"covered":0,"skipped":0,"pct":100}}
,"C:\\Users\\19194\\Documents\\GitHub\\RecycleHelper\\app\\screens\\SubCategoryScreens\\HouseholdScreen.js": {"lines":{"total":17,"covered":1,"skipped":0,"pct":5.88},"functions":{"total":12,"covered":0,"skipped":0,"pct":0},"statements":{"total":17,"covered":1,"skipped":0,"pct":5.88},"branches":{"total":0,"covered":0,"skipped":0,"pct":100}}
,"C:\\Users\\19194\\Documents\\GitHub\\RecycleHelper\\app\\screens\\SubCategoryScreens\\HouseholdWasteScreen.js": {"lines":{"total":16,"covered":1,"skipped":0,"pct":6.25},"functions":{"total":11,"covered":0,"skipped":0,"pct":0},"statements":{"total":16,"covered":1,"skipped":0,"pct":6.25},"branches":{"total":0,"covered":0,"skipped":0,"pct":100}}
,"C:\\Users\\19194\\Documents\\GitHub\\RecycleHelper\\app\\screens\\SubCategoryScreens\\MetalScreen.js": {"lines":{"total":16,"covered":1,"skipped":0,"pct":6.25},"functions":{"total":11,"covered":0,"skipped":0,"pct":0},"statements":{"total":16,"covered":1,"skipped":0,"pct":6.25},"branches":{"total":0,"covered":0,"skipped":0,"pct":100}}
,"C:\\Users\\19194\\Documents\\GitHub\\RecycleHelper\\app\\screens\\SubCategoryScreens\\PaperScreen.js": {"lines":{"total":20,"covered":1,"skipped":0,"pct":5},"functions":{"total":15,"covered":0,"skipped":0,"pct":0},"statements":{"total":20,"covered":1,"skipped":0,"pct":5},"branches":{"total":0,"covered":0,"skipped":0,"pct":100}}
,"C:\\Users\\19194\\Documents\\GitHub\\RecycleHelper\\app\\screens\\SubCategoryScreens\\PlasticScreen.js": {"lines":{"total":15,"covered":1,"skipped":0,"pct":6.66},"functions":{"total":10,"covered":0,"skipped":0,"pct":0},"statements":{"total":15,"covered":1,"skipped":0,"pct":6.66},"branches":{"total":0,"covered":0,"skipped":0,"pct":100}}
,"C:\\Users\\19194\\Documents\\GitHub\\RecycleHelper\\app\\utility\\fetchInstructions.js": {"lines":{"total":13,"covered":2,"skipped":0,"pct":15.38},"functions":{"total":4,"covered":0,"skipped":0,"pct":0},"statements":{"total":13,"covered":2,"skipped":0,"pct":15.38},"branches":{"total":2,"covered":0,"skipped":0,"pct":0}}
,"C:\\Users\\19194\\Documents\\GitHub\\RecycleHelper\\app\\utility\\fetchNewInstructions.js": {"lines":{"total":14,"covered":2,"skipped":0,"pct":14.28},"functions":{"total":4,"covered":0,"skipped":0,"pct":0},"statements":{"total":14,"covered":2,"skipped":0,"pct":14.28},"branches":{"total":2,"covered":0,"skipped":0,"pct":0}}
,"C:\\Users\\19194\\Documents\\GitHub\\RecycleHelper\\app\\utility\\fetchUserGoalData.js": {"lines":{"total":38,"covered":1,"skipped":0,"pct":2.63},"functions":{"total":1,"covered":0,"skipped":0,"pct":0},"statements":{"total":38,"covered":1,"skipped":0,"pct":2.63},"branches":{"total":8,"covered":0,"skipped":0,"pct":0}}
,"C:\\Users\\19194\\Documents\\GitHub\\RecycleHelper\\app\\utility\\fetchUserProfile.js": {"lines":{"total":16,"covered":2,"skipped":0,"pct":12.5},"functions":{"total":4,"covered":0,"skipped":0,"pct":0},"statements":{"total":16,"covered":2,"skipped":0,"pct":12.5},"branches":{"total":2,"covered":0,"skipped":0,"pct":0}}
,"C:\\Users\\19194\\Documents\\GitHub\\RecycleHelper\\functions\\.eslintrc.js": {"lines":{"total":1,"covered":0,"skipped":0,"pct":0},"functions":{"total":0,"covered":0,"skipped":0,"pct":100},"statements":{"total":1,"covered":0,"skipped":0,"pct":0},"branches":{"total":0,"covered":0,"skipped":0,"pct":100}}
,"C:\\Users\\19194\\Documents\\GitHub\\RecycleHelper\\functions\\index.js": {"lines":{"total":8,"covered":0,"skipped":0,"pct":0},"functions":{"total":1,"covered":0,"skipped":0,"pct":0},"statements":{"total":8,"covered":0,"skipped":0,"pct":0},"branches":{"total":4,"covered":0,"skipped":0,"pct":0}}
}
